2025-07-08 12:49:18,708 - INFO - Available resources: ('ASRL/dev/ttyS0::INSTR', 'ASRL/dev/ttyS1::INSTR', 'ASRL/dev/ttyS2::INSTR', 'ASRL/dev/ttyS3::INSTR', 'ASRL/dev/ttyS4::INSTR', 'ASRL/dev/ttyS5::INSTR', 'ASRL/dev/ttyS6::INSTR', 'ASRL/dev/ttyS7::INSTR', 'ASRL/dev/ttyS8::INSTR', 'ASRL/dev/ttyS9::INSTR', 'ASRL/dev/ttyS10::INSTR', 'ASRL/dev/ttyS11::INSTR', 'ASRL/dev/ttyS12::INSTR', 'ASRL/dev/ttyS13::INSTR', 'ASRL/dev/ttyS14::INSTR', 'ASRL/dev/ttyS15::INSTR', 'ASRL/dev/ttyS16::INSTR', 'ASRL/dev/ttyS17::INSTR', 'ASRL/dev/ttyS18::INSTR', 'ASRL/dev/ttyS19::INSTR', 'ASRL/dev/ttyS20::INSTR', 'ASRL/dev/ttyS21::INSTR', 'ASRL/dev/ttyS22::INSTR', 'ASRL/dev/ttyS23::INSTR', 'ASRL/dev/ttyS24::INSTR', 'ASRL/dev/ttyS25::INSTR', 'ASRL/dev/ttyS26::INSTR', 'ASRL/dev/ttyS27::INSTR', 'ASRL/dev/ttyS28::INSTR', 'ASRL/dev/ttyS29::INSTR', 'ASRL/dev/ttyS30::INSTR', 'ASRL/dev/ttyS31::INSTR', 'USB0::1510::8833::4587429::0::INSTR')
2025-07-08 12:49:19,558 - ERROR - Unknown attribute 1073676342 (0x3fff0036 - VI_ATTR_SUPPRESS_END_EN)
Traceback (most recent call last):
  File "/usr/lib/python3/dist-packages/pyvisa_py/sessions.py", line 669, in get_attribute
    return self._get_attribute(attribute)
           ^^^^^^^^^^^^^^^^^^^^^^^^^^^^^^
  File "/usr/lib/python3/dist-packages/pyvisa_py/usb.py", line 207, in _get_attribute
    raise UnknownAttribute(attribute)
pyvisa_py.sessions.UnknownAttribute: Unknown attribute 1073676342 (0x3fff0036 - VI_ATTR_SUPPRESS_END_EN)
2025-07-08 12:49:19,560 - INFO - Connected to: KEITHLEY INSTRUMENTS,MODEL 2281S-20-6,4587429,01.08b
2025-07-08 12:49:20,110 - INFO - Instrument initialized
2025-07-08 12:49:20,111 - INFO - Loaded 101 data points from keithley_hücre_test2.csv
2025-07-08 12:49:21,714 - INFO - Aggregated 101 points to 42 segments
2025-07-08 12:49:21,715 - INFO - Output ON - Starting current profile
2025-07-08 12:49:22,017 - ERROR - Unknown attribute 1073676342 (0x3fff0036 - VI_ATTR_SUPPRESS_END_EN)
Traceback (most recent call last):
  File "/usr/lib/python3/dist-packages/pyvisa_py/sessions.py", line 669, in get_attribute
    return self._get_attribute(attribute)
           ^^^^^^^^^^^^^^^^^^^^^^^^^^^^^^
  File "/usr/lib/python3/dist-packages/pyvisa_py/usb.py", line 207, in _get_attribute
    raise UnknownAttribute(attribute)
pyvisa_py.sessions.UnknownAttribute: Unknown attribute 1073676342 (0x3fff0036 - VI_ATTR_SUPPRESS_END_EN)
2025-07-08 12:49:22,100 - ERROR - Unknown attribute 1073676342 (0x3fff0036 - VI_ATTR_SUPPRESS_END_EN)
Traceback (most recent call last):
  File "/usr/lib/python3/dist-packages/pyvisa_py/sessions.py", line 669, in get_attribute
    return self._get_attribute(attribute)
           ^^^^^^^^^^^^^^^^^^^^^^^^^^^^^^
  File "/usr/lib/python3/dist-packages/pyvisa_py/usb.py", line 207, in _get_attribute
    raise UnknownAttribute(attribute)
pyvisa_py.sessions.UnknownAttribute: Unknown attribute 1073676342 (0x3fff0036 - VI_ATTR_SUPPRESS_END_EN)
2025-07-08 12:49:22,210 - INFO - Progress: 0.5s | Set: 0.000A | Measured: V=3.700V, I=0.000A
2025-07-08 12:49:23,017 - ERROR - Unknown attribute 1073676342 (0x3fff0036 - VI_ATTR_SUPPRESS_END_EN)
Traceback (most recent call last):
  File "/usr/lib/python3/dist-packages/pyvisa_py/sessions.py", line 669, in get_attribute
    return self._get_attribute(attribute)
           ^^^^^^^^^^^^^^^^^^^^^^^^^^^^^^
  File "/usr/lib/python3/dist-packages/pyvisa_py/usb.py", line 207, in _get_attribute
    raise UnknownAttribute(attribute)
pyvisa_py.sessions.UnknownAttribute: Unknown attribute 1073676342 (0x3fff0036 - VI_ATTR_SUPPRESS_END_EN)
2025-07-08 12:49:23,100 - ERROR - Unknown attribute 1073676342 (0x3fff0036 - VI_ATTR_SUPPRESS_END_EN)
Traceback (most recent call last):
  File "/usr/lib/python3/dist-packages/pyvisa_py/sessions.py", line 669, in get_attribute
    return self._get_attribute(attribute)
           ^^^^^^^^^^^^^^^^^^^^^^^^^^^^^^
  File "/usr/lib/python3/dist-packages/pyvisa_py/usb.py", line 207, in _get_attribute
    raise UnknownAttribute(attribute)
pyvisa_py.sessions.UnknownAttribute: Unknown attribute 1073676342 (0x3fff0036 - VI_ATTR_SUPPRESS_END_EN)
2025-07-08 12:49:25,017 - ERROR - Unknown attribute 1073676342 (0x3fff0036 - VI_ATTR_SUPPRESS_END_EN)
Traceback (most recent call last):
  File "/usr/lib/python3/dist-packages/pyvisa_py/sessions.py", line 669, in get_attribute
    return self._get_attribute(attribute)
           ^^^^^^^^^^^^^^^^^^^^^^^^^^^^^^
  File "/usr/lib/python3/dist-packages/pyvisa_py/usb.py", line 207, in _get_attribute
    raise UnknownAttribute(attribute)
pyvisa_py.sessions.UnknownAttribute: Unknown attribute 1073676342 (0x3fff0036 - VI_ATTR_SUPPRESS_END_EN)
2025-07-08 12:49:25,100 - ERROR - Unknown attribute 1073676342 (0x3fff0036 - VI_ATTR_SUPPRESS_END_EN)
Traceback (most recent call last):
  File "/usr/lib/python3/dist-packages/pyvisa_py/sessions.py", line 669, in get_attribute
    return self._get_attribute(attribute)
           ^^^^^^^^^^^^^^^^^^^^^^^^^^^^^^
  File "/usr/lib/python3/dist-packages/pyvisa_py/usb.py", line 207, in _get_attribute
    raise UnknownAttribute(attribute)
pyvisa_py.sessions.UnknownAttribute: Unknown attribute 1073676342 (0x3fff0036 - VI_ATTR_SUPPRESS_END_EN)
2025-07-08 12:49:26,017 - ERROR - Unknown attribute 1073676342 (0x3fff0036 - VI_ATTR_SUPPRESS_END_EN)
Traceback (most recent call last):
  File "/usr/lib/python3/dist-packages/pyvisa_py/sessions.py", line 669, in get_attribute
    return self._get_attribute(attribute)
           ^^^^^^^^^^^^^^^^^^^^^^^^^^^^^^
  File "/usr/lib/python3/dist-packages/pyvisa_py/usb.py", line 207, in _get_attribute
    raise UnknownAttribute(attribute)
pyvisa_py.sessions.UnknownAttribute: Unknown attribute 1073676342 (0x3fff0036 - VI_ATTR_SUPPRESS_END_EN)
2025-07-08 12:49:26,101 - ERROR - Unknown attribute 1073676342 (0x3fff0036 - VI_ATTR_SUPPRESS_END_EN)
Traceback (most recent call last):
  File "/usr/lib/python3/dist-packages/pyvisa_py/sessions.py", line 669, in get_attribute
    return self._get_attribute(attribute)
           ^^^^^^^^^^^^^^^^^^^^^^^^^^^^^^
  File "/usr/lib/python3/dist-packages/pyvisa_py/usb.py", line 207, in _get_attribute
    raise UnknownAttribute(attribute)
pyvisa_py.sessions.UnknownAttribute: Unknown attribute 1073676342 (0x3fff0036 - VI_ATTR_SUPPRESS_END_EN)
2025-07-08 12:49:28,017 - ERROR - Unknown attribute 1073676342 (0x3fff0036 - VI_ATTR_SUPPRESS_END_EN)
Traceback (most recent call last):
  File "/usr/lib/python3/dist-packages/pyvisa_py/sessions.py", line 669, in get_attribute
    return self._get_attribute(attribute)
           ^^^^^^^^^^^^^^^^^^^^^^^^^^^^^^
  File "/usr/lib/python3/dist-packages/pyvisa_py/usb.py", line 207, in _get_attribute
    raise UnknownAttribute(attribute)
pyvisa_py.sessions.UnknownAttribute: Unknown attribute 1073676342 (0x3fff0036 - VI_ATTR_SUPPRESS_END_EN)
2025-07-08 12:49:28,101 - ERROR - Unknown attribute 1073676342 (0x3fff0036 - VI_ATTR_SUPPRESS_END_EN)
Traceback (most recent call last):
  File "/usr/lib/python3/dist-packages/pyvisa_py/sessions.py", line 669, in get_attribute
    return self._get_attribute(attribute)
           ^^^^^^^^^^^^^^^^^^^^^^^^^^^^^^
  File "/usr/lib/python3/dist-packages/pyvisa_py/usb.py", line 207, in _get_attribute
    raise UnknownAttribute(attribute)
pyvisa_py.sessions.UnknownAttribute: Unknown attribute 1073676342 (0x3fff0036 - VI_ATTR_SUPPRESS_END_EN)
2025-07-08 12:49:31,017 - ERROR - Unknown attribute 1073676342 (0x3fff0036 - VI_ATTR_SUPPRESS_END_EN)
Traceback (most recent call last):
  File "/usr/lib/python3/dist-packages/pyvisa_py/sessions.py", line 669, in get_attribute
    return self._get_attribute(attribute)
           ^^^^^^^^^^^^^^^^^^^^^^^^^^^^^^
  File "/usr/lib/python3/dist-packages/pyvisa_py/usb.py", line 207, in _get_attribute
    raise UnknownAttribute(attribute)
pyvisa_py.sessions.UnknownAttribute: Unknown attribute 1073676342 (0x3fff0036 - VI_ATTR_SUPPRESS_END_EN)
2025-07-08 12:49:31,100 - ERROR - Unknown attribute 1073676342 (0x3fff0036 - VI_ATTR_SUPPRESS_END_EN)
Traceback (most recent call last):
  File "/usr/lib/python3/dist-packages/pyvisa_py/sessions.py", line 669, in get_attribute
    return self._get_attribute(attribute)
           ^^^^^^^^^^^^^^^^^^^^^^^^^^^^^^
  File "/usr/lib/python3/dist-packages/pyvisa_py/usb.py", line 207, in _get_attribute
    raise UnknownAttribute(attribute)
pyvisa_py.sessions.UnknownAttribute: Unknown attribute 1073676342 (0x3fff0036 - VI_ATTR_SUPPRESS_END_EN)
2025-07-08 12:49:32,017 - ERROR - Unknown attribute 1073676342 (0x3fff0036 - VI_ATTR_SUPPRESS_END_EN)
Traceback (most recent call last):
  File "/usr/lib/python3/dist-packages/pyvisa_py/sessions.py", line 669, in get_attribute
    return self._get_attribute(attribute)
           ^^^^^^^^^^^^^^^^^^^^^^^^^^^^^^
  File "/usr/lib/python3/dist-packages/pyvisa_py/usb.py", line 207, in _get_attribute
    raise UnknownAttribute(attribute)
pyvisa_py.sessions.UnknownAttribute: Unknown attribute 1073676342 (0x3fff0036 - VI_ATTR_SUPPRESS_END_EN)
2025-07-08 12:49:32,101 - ERROR - Unknown attribute 1073676342 (0x3fff0036 - VI_ATTR_SUPPRESS_END_EN)
Traceback (most recent call last):
  File "/usr/lib/python3/dist-packages/pyvisa_py/sessions.py", line 669, in get_attribute
    return self._get_attribute(attribute)
           ^^^^^^^^^^^^^^^^^^^^^^^^^^^^^^
  File "/usr/lib/python3/dist-packages/pyvisa_py/usb.py", line 207, in _get_attribute
    raise UnknownAttribute(attribute)
pyvisa_py.sessions.UnknownAttribute: Unknown attribute 1073676342 (0x3fff0036 - VI_ATTR_SUPPRESS_END_EN)
2025-07-08 12:49:34,017 - ERROR - Unknown attribute 1073676342 (0x3fff0036 - VI_ATTR_SUPPRESS_END_EN)
Traceback (most recent call last):
  File "/usr/lib/python3/dist-packages/pyvisa_py/sessions.py", line 669, in get_attribute
    return self._get_attribute(attribute)
           ^^^^^^^^^^^^^^^^^^^^^^^^^^^^^^
  File "/usr/lib/python3/dist-packages/pyvisa_py/usb.py", line 207, in _get_attribute
    raise UnknownAttribute(attribute)
pyvisa_py.sessions.UnknownAttribute: Unknown attribute 1073676342 (0x3fff0036 - VI_ATTR_SUPPRESS_END_EN)
2025-07-08 12:49:34,101 - ERROR - Unknown attribute 1073676342 (0x3fff0036 - VI_ATTR_SUPPRESS_END_EN)
Traceback (most recent call last):
  File "/usr/lib/python3/dist-packages/pyvisa_py/sessions.py", line 669, in get_attribute
    return self._get_attribute(attribute)
           ^^^^^^^^^^^^^^^^^^^^^^^^^^^^^^
  File "/usr/lib/python3/dist-packages/pyvisa_py/usb.py", line 207, in _get_attribute
    raise UnknownAttribute(attribute)
pyvisa_py.sessions.UnknownAttribute: Unknown attribute 1073676342 (0x3fff0036 - VI_ATTR_SUPPRESS_END_EN)
2025-07-08 12:49:35,017 - ERROR - Unknown attribute 1073676342 (0x3fff0036 - VI_ATTR_SUPPRESS_END_EN)
Traceback (most recent call last):
  File "/usr/lib/python3/dist-packages/pyvisa_py/sessions.py", line 669, in get_attribute
    return self._get_attribute(attribute)
           ^^^^^^^^^^^^^^^^^^^^^^^^^^^^^^
  File "/usr/lib/python3/dist-packages/pyvisa_py/usb.py", line 207, in _get_attribute
    raise UnknownAttribute(attribute)
pyvisa_py.sessions.UnknownAttribute: Unknown attribute 1073676342 (0x3fff0036 - VI_ATTR_SUPPRESS_END_EN)
2025-07-08 12:49:35,101 - ERROR - Unknown attribute 1073676342 (0x3fff0036 - VI_ATTR_SUPPRESS_END_EN)
Traceback (most recent call last):
  File "/usr/lib/python3/dist-packages/pyvisa_py/sessions.py", line 669, in get_attribute
    return self._get_attribute(attribute)
           ^^^^^^^^^^^^^^^^^^^^^^^^^^^^^^
  File "/usr/lib/python3/dist-packages/pyvisa_py/usb.py", line 207, in _get_attribute
    raise UnknownAttribute(attribute)
pyvisa_py.sessions.UnknownAttribute: Unknown attribute 1073676342 (0x3fff0036 - VI_ATTR_SUPPRESS_END_EN)
2025-07-08 12:49:36,017 - ERROR - Unknown attribute 1073676342 (0x3fff0036 - VI_ATTR_SUPPRESS_END_EN)
Traceback (most recent call last):
  File "/usr/lib/python3/dist-packages/pyvisa_py/sessions.py", line 669, in get_attribute
    return self._get_attribute(attribute)
           ^^^^^^^^^^^^^^^^^^^^^^^^^^^^^^
  File "/usr/lib/python3/dist-packages/pyvisa_py/usb.py", line 207, in _get_attribute
    raise UnknownAttribute(attribute)
pyvisa_py.sessions.UnknownAttribute: Unknown attribute 1073676342 (0x3fff0036 - VI_ATTR_SUPPRESS_END_EN)
2025-07-08 12:49:36,100 - ERROR - Unknown attribute 1073676342 (0x3fff0036 - VI_ATTR_SUPPRESS_END_EN)
Traceback (most recent call last):
  File "/usr/lib/python3/dist-packages/pyvisa_py/sessions.py", line 669, in get_attribute
    return self._get_attribute(attribute)
           ^^^^^^^^^^^^^^^^^^^^^^^^^^^^^^
  File "/usr/lib/python3/dist-packages/pyvisa_py/usb.py", line 207, in _get_attribute
    raise UnknownAttribute(attribute)
pyvisa_py.sessions.UnknownAttribute: Unknown attribute 1073676342 (0x3fff0036 - VI_ATTR_SUPPRESS_END_EN)
2025-07-08 12:49:37,017 - ERROR - Unknown attribute 1073676342 (0x3fff0036 - VI_ATTR_SUPPRESS_END_EN)
Traceback (most recent call last):
  File "/usr/lib/python3/dist-packages/pyvisa_py/sessions.py", line 669, in get_attribute
    return self._get_attribute(attribute)
           ^^^^^^^^^^^^^^^^^^^^^^^^^^^^^^
  File "/usr/lib/python3/dist-packages/pyvisa_py/usb.py", line 207, in _get_attribute
    raise UnknownAttribute(attribute)
pyvisa_py.sessions.UnknownAttribute: Unknown attribute 1073676342 (0x3fff0036 - VI_ATTR_SUPPRESS_END_EN)
2025-07-08 12:49:37,101 - ERROR - Unknown attribute 1073676342 (0x3fff0036 - VI_ATTR_SUPPRESS_END_EN)
Traceback (most recent call last):
  File "/usr/lib/python3/dist-packages/pyvisa_py/sessions.py", line 669, in get_attribute
    return self._get_attribute(attribute)
           ^^^^^^^^^^^^^^^^^^^^^^^^^^^^^^
  File "/usr/lib/python3/dist-packages/pyvisa_py/usb.py", line 207, in _get_attribute
    raise UnknownAttribute(attribute)
pyvisa_py.sessions.UnknownAttribute: Unknown attribute 1073676342 (0x3fff0036 - VI_ATTR_SUPPRESS_END_EN)
2025-07-08 12:49:37,211 - INFO - Progress: 15.5s | Set: -0.126A | Measured: V=3.700V, I=-0.126A
2025-07-08 12:49:38,017 - ERROR - Unknown attribute 1073676342 (0x3fff0036 - VI_ATTR_SUPPRESS_END_EN)
Traceback (most recent call last):
  File "/usr/lib/python3/dist-packages/pyvisa_py/sessions.py", line 669, in get_attribute
    return self._get_attribute(attribute)
           ^^^^^^^^^^^^^^^^^^^^^^^^^^^^^^
  File "/usr/lib/python3/dist-packages/pyvisa_py/usb.py", line 207, in _get_attribute
    raise UnknownAttribute(attribute)
pyvisa_py.sessions.UnknownAttribute: Unknown attribute 1073676342 (0x3fff0036 - VI_ATTR_SUPPRESS_END_EN)
2025-07-08 12:49:38,101 - ERROR - Unknown attribute 1073676342 (0x3fff0036 - VI_ATTR_SUPPRESS_END_EN)
Traceback (most recent call last):
  File "/usr/lib/python3/dist-packages/pyvisa_py/sessions.py", line 669, in get_attribute
    return self._get_attribute(attribute)
           ^^^^^^^^^^^^^^^^^^^^^^^^^^^^^^
  File "/usr/lib/python3/dist-packages/pyvisa_py/usb.py", line 207, in _get_attribute
    raise UnknownAttribute(attribute)
pyvisa_py.sessions.UnknownAttribute: Unknown attribute 1073676342 (0x3fff0036 - VI_ATTR_SUPPRESS_END_EN)
2025-07-08 12:49:39,017 - ERROR - Unknown attribute 1073676342 (0x3fff0036 - VI_ATTR_SUPPRESS_END_EN)
Traceback (most recent call last):
  File "/usr/lib/python3/dist-packages/pyvisa_py/sessions.py", line 669, in get_attribute
    return self._get_attribute(attribute)
           ^^^^^^^^^^^^^^^^^^^^^^^^^^^^^^
  File "/usr/lib/python3/dist-packages/pyvisa_py/usb.py", line 207, in _get_attribute
    raise UnknownAttribute(attribute)
pyvisa_py.sessions.UnknownAttribute: Unknown attribute 1073676342 (0x3fff0036 - VI_ATTR_SUPPRESS_END_EN)
2025-07-08 12:49:39,101 - ERROR - Unknown attribute 1073676342 (0x3fff0036 - VI_ATTR_SUPPRESS_END_EN)
Traceback (most recent call last):
  File "/usr/lib/python3/dist-packages/pyvisa_py/sessions.py", line 669, in get_attribute
    return self._get_attribute(attribute)
           ^^^^^^^^^^^^^^^^^^^^^^^^^^^^^^
  File "/usr/lib/python3/dist-packages/pyvisa_py/usb.py", line 207, in _get_attribute
    raise UnknownAttribute(attribute)
pyvisa_py.sessions.UnknownAttribute: Unknown attribute 1073676342 (0x3fff0036 - VI_ATTR_SUPPRESS_END_EN)
2025-07-08 12:49:40,017 - ERROR - Unknown attribute 1073676342 (0x3fff0036 - VI_ATTR_SUPPRESS_END_EN)
Traceback (most recent call last):
  File "/usr/lib/python3/dist-packages/pyvisa_py/sessions.py", line 669, in get_attribute
    return self._get_attribute(attribute)
           ^^^^^^^^^^^^^^^^^^^^^^^^^^^^^^
  File "/usr/lib/python3/dist-packages/pyvisa_py/usb.py", line 207, in _get_attribute
    raise UnknownAttribute(attribute)
pyvisa_py.sessions.UnknownAttribute: Unknown attribute 1073676342 (0x3fff0036 - VI_ATTR_SUPPRESS_END_EN)
2025-07-08 12:49:40,101 - ERROR - Unknown attribute 1073676342 (0x3fff0036 - VI_ATTR_SUPPRESS_END_EN)
Traceback (most recent call last):
  File "/usr/lib/python3/dist-packages/pyvisa_py/sessions.py", line 669, in get_attribute
    return self._get_attribute(attribute)
           ^^^^^^^^^^^^^^^^^^^^^^^^^^^^^^
  File "/usr/lib/python3/dist-packages/pyvisa_py/usb.py", line 207, in _get_attribute
    raise UnknownAttribute(attribute)
pyvisa_py.sessions.UnknownAttribute: Unknown attribute 1073676342 (0x3fff0036 - VI_ATTR_SUPPRESS_END_EN)
2025-07-08 12:49:41,018 - ERROR - Unknown attribute 1073676342 (0x3fff0036 - VI_ATTR_SUPPRESS_END_EN)
Traceback (most recent call last):
  File "/usr/lib/python3/dist-packages/pyvisa_py/sessions.py", line 669, in get_attribute
    return self._get_attribute(attribute)
           ^^^^^^^^^^^^^^^^^^^^^^^^^^^^^^
  File "/usr/lib/python3/dist-packages/pyvisa_py/usb.py", line 207, in _get_attribute
    raise UnknownAttribute(attribute)
pyvisa_py.sessions.UnknownAttribute: Unknown attribute 1073676342 (0x3fff0036 - VI_ATTR_SUPPRESS_END_EN)
2025-07-08 12:49:41,101 - ERROR - Unknown attribute 1073676342 (0x3fff0036 - VI_ATTR_SUPPRESS_END_EN)
Traceback (most recent call last):
  File "/usr/lib/python3/dist-packages/pyvisa_py/sessions.py", line 669, in get_attribute
    return self._get_attribute(attribute)
           ^^^^^^^^^^^^^^^^^^^^^^^^^^^^^^
  File "/usr/lib/python3/dist-packages/pyvisa_py/usb.py", line 207, in _get_attribute
    raise UnknownAttribute(attribute)
pyvisa_py.sessions.UnknownAttribute: Unknown attribute 1073676342 (0x3fff0036 - VI_ATTR_SUPPRESS_END_EN)
2025-07-08 12:49:42,017 - ERROR - Unknown attribute 1073676342 (0x3fff0036 - VI_ATTR_SUPPRESS_END_EN)
Traceback (most recent call last):
  File "/usr/lib/python3/dist-packages/pyvisa_py/sessions.py", line 669, in get_attribute
    return self._get_attribute(attribute)
           ^^^^^^^^^^^^^^^^^^^^^^^^^^^^^^
  File "/usr/lib/python3/dist-packages/pyvisa_py/usb.py", line 207, in _get_attribute
    raise UnknownAttribute(attribute)
pyvisa_py.sessions.UnknownAttribute: Unknown attribute 1073676342 (0x3fff0036 - VI_ATTR_SUPPRESS_END_EN)
2025-07-08 12:49:42,101 - ERROR - Unknown attribute 1073676342 (0x3fff0036 - VI_ATTR_SUPPRESS_END_EN)
Traceback (most recent call last):
  File "/usr/lib/python3/dist-packages/pyvisa_py/sessions.py", line 669, in get_attribute
    return self._get_attribute(attribute)
           ^^^^^^^^^^^^^^^^^^^^^^^^^^^^^^
  File "/usr/lib/python3/dist-packages/pyvisa_py/usb.py", line 207, in _get_attribute
    raise UnknownAttribute(attribute)
pyvisa_py.sessions.UnknownAttribute: Unknown attribute 1073676342 (0x3fff0036 - VI_ATTR_SUPPRESS_END_EN)
2025-07-08 12:49:43,017 - ERROR - Unknown attribute 1073676342 (0x3fff0036 - VI_ATTR_SUPPRESS_END_EN)
Traceback (most recent call last):
  File "/usr/lib/python3/dist-packages/pyvisa_py/sessions.py", line 669, in get_attribute
    return self._get_attribute(attribute)
           ^^^^^^^^^^^^^^^^^^^^^^^^^^^^^^
  File "/usr/lib/python3/dist-packages/pyvisa_py/usb.py", line 207, in _get_attribute
    raise UnknownAttribute(attribute)
pyvisa_py.sessions.UnknownAttribute: Unknown attribute 1073676342 (0x3fff0036 - VI_ATTR_SUPPRESS_END_EN)
2025-07-08 12:49:43,091 - ERROR - Unknown attribute 1073676342 (0x3fff0036 - VI_ATTR_SUPPRESS_END_EN)
Traceback (most recent call last):
  File "/usr/lib/python3/dist-packages/pyvisa_py/sessions.py", line 669, in get_attribute
    return self._get_attribute(attribute)
           ^^^^^^^^^^^^^^^^^^^^^^^^^^^^^^
  File "/usr/lib/python3/dist-packages/pyvisa_py/usb.py", line 207, in _get_attribute
    raise UnknownAttribute(attribute)
pyvisa_py.sessions.UnknownAttribute: Unknown attribute 1073676342 (0x3fff0036 - VI_ATTR_SUPPRESS_END_EN)
2025-07-08 12:49:45,017 - ERROR - Unknown attribute 1073676342 (0x3fff0036 - VI_ATTR_SUPPRESS_END_EN)
Traceback (most recent call last):
  File "/usr/lib/python3/dist-packages/pyvisa_py/sessions.py", line 669, in get_attribute
    return self._get_attribute(attribute)
           ^^^^^^^^^^^^^^^^^^^^^^^^^^^^^^
  File "/usr/lib/python3/dist-packages/pyvisa_py/usb.py", line 207, in _get_attribute
    raise UnknownAttribute(attribute)
pyvisa_py.sessions.UnknownAttribute: Unknown attribute 1073676342 (0x3fff0036 - VI_ATTR_SUPPRESS_END_EN)
2025-07-08 12:49:45,101 - ERROR - Unknown attribute 1073676342 (0x3fff0036 - VI_ATTR_SUPPRESS_END_EN)
Traceback (most recent call last):
  File "/usr/lib/python3/dist-packages/pyvisa_py/sessions.py", line 669, in get_attribute
    return self._get_attribute(attribute)
           ^^^^^^^^^^^^^^^^^^^^^^^^^^^^^^
  File "/usr/lib/python3/dist-packages/pyvisa_py/usb.py", line 207, in _get_attribute
    raise UnknownAttribute(attribute)
pyvisa_py.sessions.UnknownAttribute: Unknown attribute 1073676342 (0x3fff0036 - VI_ATTR_SUPPRESS_END_EN)
2025-07-08 12:49:49,627 - INFO - Disconnected from instrument
