2025-07-08 12:47:06,352 - INFO - Available resources: ('ASRL/dev/ttyS0::INSTR', 'ASRL/dev/ttyS1::INSTR', 'ASRL/dev/ttyS2::INSTR', 'ASRL/dev/ttyS3::INSTR', 'ASRL/dev/ttyS4::INSTR', 'ASRL/dev/ttyS5::INSTR', 'ASRL/dev/ttyS6::INSTR', 'ASRL/dev/ttyS7::INSTR', 'ASRL/dev/ttyS8::INSTR', 'ASRL/dev/ttyS9::INSTR', 'ASRL/dev/ttyS10::INSTR', 'ASRL/dev/ttyS11::INSTR', 'ASRL/dev/ttyS12::INSTR', 'ASRL/dev/ttyS13::INSTR', 'ASRL/dev/ttyS14::INSTR', 'ASRL/dev/ttyS15::INSTR', 'ASRL/dev/ttyS16::INSTR', 'ASRL/dev/ttyS17::INSTR', 'ASRL/dev/ttyS18::INSTR', 'ASRL/dev/ttyS19::INSTR', 'ASRL/dev/ttyS20::INSTR', 'ASRL/dev/ttyS21::INSTR', 'ASRL/dev/ttyS22::INSTR', 'ASRL/dev/ttyS23::INSTR', 'ASRL/dev/ttyS24::INSTR', 'ASRL/dev/ttyS25::INSTR', 'ASRL/dev/ttyS26::INSTR', 'ASRL/dev/ttyS27::INSTR', 'ASRL/dev/ttyS28::INSTR', 'ASRL/dev/ttyS29::INSTR', 'ASRL/dev/ttyS30::INSTR', 'ASRL/dev/ttyS31::INSTR', 'USB0::1510::8833::4587429::0::INSTR')
2025-07-08 12:47:07,204 - ERROR - Unknown attribute 1073676342 (0x3fff0036 - VI_ATTR_SUPPRESS_END_EN)
Traceback (most recent call last):
  File "/usr/lib/python3/dist-packages/pyvisa_py/sessions.py", line 669, in get_attribute
    return self._get_attribute(attribute)
           ^^^^^^^^^^^^^^^^^^^^^^^^^^^^^^
  File "/usr/lib/python3/dist-packages/pyvisa_py/usb.py", line 207, in _get_attribute
    raise UnknownAttribute(attribute)
pyvisa_py.sessions.UnknownAttribute: Unknown attribute 1073676342 (0x3fff0036 - VI_ATTR_SUPPRESS_END_EN)
2025-07-08 12:47:07,206 - INFO - Connected to: KEITHLEY INSTRUMENTS,MODEL 2281S-20-6,4587429,01.08b
2025-07-08 12:47:07,714 - INFO - Instrument initialized
2025-07-08 12:47:07,715 - INFO - Loaded 101 data points from keithley_hücre_test2.csv
2025-07-08 12:47:11,549 - INFO - Aggregated 101 points to 42 segments
2025-07-08 12:47:11,550 - INFO - Output ON - Starting current profile
2025-07-08 12:47:11,752 - ERROR - Unknown attribute 1073676342 (0x3fff0036 - VI_ATTR_SUPPRESS_END_EN)
Traceback (most recent call last):
  File "/usr/lib/python3/dist-packages/pyvisa_py/sessions.py", line 669, in get_attribute
    return self._get_attribute(attribute)
           ^^^^^^^^^^^^^^^^^^^^^^^^^^^^^^
  File "/usr/lib/python3/dist-packages/pyvisa_py/usb.py", line 207, in _get_attribute
    raise UnknownAttribute(attribute)
pyvisa_py.sessions.UnknownAttribute: Unknown attribute 1073676342 (0x3fff0036 - VI_ATTR_SUPPRESS_END_EN)
2025-07-08 12:47:11,828 - ERROR - Unknown attribute 1073676342 (0x3fff0036 - VI_ATTR_SUPPRESS_END_EN)
Traceback (most recent call last):
  File "/usr/lib/python3/dist-packages/pyvisa_py/sessions.py", line 669, in get_attribute
    return self._get_attribute(attribute)
           ^^^^^^^^^^^^^^^^^^^^^^^^^^^^^^
  File "/usr/lib/python3/dist-packages/pyvisa_py/usb.py", line 207, in _get_attribute
    raise UnknownAttribute(attribute)
pyvisa_py.sessions.UnknownAttribute: Unknown attribute 1073676342 (0x3fff0036 - VI_ATTR_SUPPRESS_END_EN)
2025-07-08 12:47:11,937 - WARNING - Voltage limit reached: 0.0V
2025-07-08 12:47:11,937 - INFO - Progress: 0.4s | Set: 0.000A | Measured: V=0.000V, I=0.000A
2025-07-08 12:47:11,937 - ERROR - Protection triggered - stopping test
2025-07-08 12:47:11,937 - INFO - Test completed - Output OFF
2025-07-08 12:47:11,937 - INFO - Data saved to: data/current_profile_test_20250708_124706.csv
2025-07-08 12:47:11,939 - INFO - Disconnected from instrument
