2025-07-08 12:52:22,694 - INFO - Available resources: ('ASRL/dev/ttyS0::INSTR', 'ASRL/dev/ttyS1::INSTR', 'ASRL/dev/ttyS2::INSTR', 'ASRL/dev/ttyS3::INSTR', 'ASRL/dev/ttyS4::INSTR', 'ASRL/dev/ttyS5::INSTR', 'ASRL/dev/ttyS6::INSTR', 'ASRL/dev/ttyS7::INSTR', 'ASRL/dev/ttyS8::INSTR', 'ASRL/dev/ttyS9::INSTR', 'ASRL/dev/ttyS10::INSTR', 'ASRL/dev/ttyS11::INSTR', 'ASRL/dev/ttyS12::INSTR', 'ASRL/dev/ttyS13::INSTR', 'ASRL/dev/ttyS14::INSTR', 'ASRL/dev/ttyS15::INSTR', 'ASRL/dev/ttyS16::INSTR', 'ASRL/dev/ttyS17::INSTR', 'ASRL/dev/ttyS18::INSTR', 'ASRL/dev/ttyS19::INSTR', 'ASRL/dev/ttyS20::INSTR', 'ASRL/dev/ttyS21::INSTR', 'ASRL/dev/ttyS22::INSTR', 'ASRL/dev/ttyS23::INSTR', 'ASRL/dev/ttyS24::INSTR', 'ASRL/dev/ttyS25::INSTR', 'ASRL/dev/ttyS26::INSTR', 'ASRL/dev/ttyS27::INSTR', 'ASRL/dev/ttyS28::INSTR', 'ASRL/dev/ttyS29::INSTR', 'ASRL/dev/ttyS30::INSTR', 'ASRL/dev/ttyS31::INSTR', 'USB0::1510::8833::4587429::0::INSTR')
2025-07-08 12:52:23,549 - ERROR - Unknown attribute 1073676342 (0x3fff0036 - VI_ATTR_SUPPRESS_END_EN)
Traceback (most recent call last):
  File "/usr/lib/python3/dist-packages/pyvisa_py/sessions.py", line 669, in get_attribute
    return self._get_attribute(attribute)
           ^^^^^^^^^^^^^^^^^^^^^^^^^^^^^^
  File "/usr/lib/python3/dist-packages/pyvisa_py/usb.py", line 207, in _get_attribute
    raise UnknownAttribute(attribute)
pyvisa_py.sessions.UnknownAttribute: Unknown attribute 1073676342 (0x3fff0036 - VI_ATTR_SUPPRESS_END_EN)
2025-07-08 12:52:23,550 - INFO - Connected to: KEITHLEY INSTRUMENTS,MODEL 2281S-20-6,4587429,01.08b
2025-07-08 12:52:24,066 - INFO - Instrument initialized
2025-07-08 12:52:24,067 - INFO - Loaded 101 data points from keithley_hücre_test2.csv
2025-07-08 12:52:26,410 - INFO - Aggregated 101 points to 42 segments
2025-07-08 12:52:26,415 - INFO - Output ON - Starting current profile
2025-07-08 12:52:26,717 - ERROR - Unknown attribute 1073676342 (0x3fff0036 - VI_ATTR_SUPPRESS_END_EN)
Traceback (most recent call last):
  File "/usr/lib/python3/dist-packages/pyvisa_py/sessions.py", line 669, in get_attribute
    return self._get_attribute(attribute)
           ^^^^^^^^^^^^^^^^^^^^^^^^^^^^^^
  File "/usr/lib/python3/dist-packages/pyvisa_py/usb.py", line 207, in _get_attribute
    raise UnknownAttribute(attribute)
pyvisa_py.sessions.UnknownAttribute: Unknown attribute 1073676342 (0x3fff0036 - VI_ATTR_SUPPRESS_END_EN)
2025-07-08 12:52:26,794 - ERROR - Unknown attribute 1073676342 (0x3fff0036 - VI_ATTR_SUPPRESS_END_EN)
Traceback (most recent call last):
  File "/usr/lib/python3/dist-packages/pyvisa_py/sessions.py", line 669, in get_attribute
    return self._get_attribute(attribute)
           ^^^^^^^^^^^^^^^^^^^^^^^^^^^^^^
  File "/usr/lib/python3/dist-packages/pyvisa_py/usb.py", line 207, in _get_attribute
    raise UnknownAttribute(attribute)
pyvisa_py.sessions.UnknownAttribute: Unknown attribute 1073676342 (0x3fff0036 - VI_ATTR_SUPPRESS_END_EN)
2025-07-08 12:52:26,944 - INFO - Progress: 0.5s | Set: 0.000A | Measured: V=3.700V, I=0.000A
2025-07-08 12:52:27,717 - ERROR - Unknown attribute 1073676342 (0x3fff0036 - VI_ATTR_SUPPRESS_END_EN)
Traceback (most recent call last):
  File "/usr/lib/python3/dist-packages/pyvisa_py/sessions.py", line 669, in get_attribute
    return self._get_attribute(attribute)
           ^^^^^^^^^^^^^^^^^^^^^^^^^^^^^^
  File "/usr/lib/python3/dist-packages/pyvisa_py/usb.py", line 207, in _get_attribute
    raise UnknownAttribute(attribute)
pyvisa_py.sessions.UnknownAttribute: Unknown attribute 1073676342 (0x3fff0036 - VI_ATTR_SUPPRESS_END_EN)
2025-07-08 12:52:27,794 - ERROR - Unknown attribute 1073676342 (0x3fff0036 - VI_ATTR_SUPPRESS_END_EN)
Traceback (most recent call last):
  File "/usr/lib/python3/dist-packages/pyvisa_py/sessions.py", line 669, in get_attribute
    return self._get_attribute(attribute)
           ^^^^^^^^^^^^^^^^^^^^^^^^^^^^^^
  File "/usr/lib/python3/dist-packages/pyvisa_py/usb.py", line 207, in _get_attribute
    raise UnknownAttribute(attribute)
pyvisa_py.sessions.UnknownAttribute: Unknown attribute 1073676342 (0x3fff0036 - VI_ATTR_SUPPRESS_END_EN)
2025-07-08 12:52:29,717 - ERROR - Unknown attribute 1073676342 (0x3fff0036 - VI_ATTR_SUPPRESS_END_EN)
Traceback (most recent call last):
  File "/usr/lib/python3/dist-packages/pyvisa_py/sessions.py", line 669, in get_attribute
    return self._get_attribute(attribute)
           ^^^^^^^^^^^^^^^^^^^^^^^^^^^^^^
  File "/usr/lib/python3/dist-packages/pyvisa_py/usb.py", line 207, in _get_attribute
    raise UnknownAttribute(attribute)
pyvisa_py.sessions.UnknownAttribute: Unknown attribute 1073676342 (0x3fff0036 - VI_ATTR_SUPPRESS_END_EN)
2025-07-08 12:52:29,794 - ERROR - Unknown attribute 1073676342 (0x3fff0036 - VI_ATTR_SUPPRESS_END_EN)
Traceback (most recent call last):
  File "/usr/lib/python3/dist-packages/pyvisa_py/sessions.py", line 669, in get_attribute
    return self._get_attribute(attribute)
           ^^^^^^^^^^^^^^^^^^^^^^^^^^^^^^
  File "/usr/lib/python3/dist-packages/pyvisa_py/usb.py", line 207, in _get_attribute
    raise UnknownAttribute(attribute)
pyvisa_py.sessions.UnknownAttribute: Unknown attribute 1073676342 (0x3fff0036 - VI_ATTR_SUPPRESS_END_EN)
2025-07-08 12:52:30,717 - ERROR - Unknown attribute 1073676342 (0x3fff0036 - VI_ATTR_SUPPRESS_END_EN)
Traceback (most recent call last):
  File "/usr/lib/python3/dist-packages/pyvisa_py/sessions.py", line 669, in get_attribute
    return self._get_attribute(attribute)
           ^^^^^^^^^^^^^^^^^^^^^^^^^^^^^^
  File "/usr/lib/python3/dist-packages/pyvisa_py/usb.py", line 207, in _get_attribute
    raise UnknownAttribute(attribute)
pyvisa_py.sessions.UnknownAttribute: Unknown attribute 1073676342 (0x3fff0036 - VI_ATTR_SUPPRESS_END_EN)
2025-07-08 12:52:30,794 - ERROR - Unknown attribute 1073676342 (0x3fff0036 - VI_ATTR_SUPPRESS_END_EN)
Traceback (most recent call last):
  File "/usr/lib/python3/dist-packages/pyvisa_py/sessions.py", line 669, in get_attribute
    return self._get_attribute(attribute)
           ^^^^^^^^^^^^^^^^^^^^^^^^^^^^^^
  File "/usr/lib/python3/dist-packages/pyvisa_py/usb.py", line 207, in _get_attribute
    raise UnknownAttribute(attribute)
pyvisa_py.sessions.UnknownAttribute: Unknown attribute 1073676342 (0x3fff0036 - VI_ATTR_SUPPRESS_END_EN)
2025-07-08 12:52:32,716 - ERROR - Unknown attribute 1073676342 (0x3fff0036 - VI_ATTR_SUPPRESS_END_EN)
Traceback (most recent call last):
  File "/usr/lib/python3/dist-packages/pyvisa_py/sessions.py", line 669, in get_attribute
    return self._get_attribute(attribute)
           ^^^^^^^^^^^^^^^^^^^^^^^^^^^^^^
  File "/usr/lib/python3/dist-packages/pyvisa_py/usb.py", line 207, in _get_attribute
    raise UnknownAttribute(attribute)
pyvisa_py.sessions.UnknownAttribute: Unknown attribute 1073676342 (0x3fff0036 - VI_ATTR_SUPPRESS_END_EN)
2025-07-08 12:52:32,794 - ERROR - Unknown attribute 1073676342 (0x3fff0036 - VI_ATTR_SUPPRESS_END_EN)
Traceback (most recent call last):
  File "/usr/lib/python3/dist-packages/pyvisa_py/sessions.py", line 669, in get_attribute
    return self._get_attribute(attribute)
           ^^^^^^^^^^^^^^^^^^^^^^^^^^^^^^
  File "/usr/lib/python3/dist-packages/pyvisa_py/usb.py", line 207, in _get_attribute
    raise UnknownAttribute(attribute)
pyvisa_py.sessions.UnknownAttribute: Unknown attribute 1073676342 (0x3fff0036 - VI_ATTR_SUPPRESS_END_EN)
2025-07-08 12:52:35,717 - ERROR - Unknown attribute 1073676342 (0x3fff0036 - VI_ATTR_SUPPRESS_END_EN)
Traceback (most recent call last):
  File "/usr/lib/python3/dist-packages/pyvisa_py/sessions.py", line 669, in get_attribute
    return self._get_attribute(attribute)
           ^^^^^^^^^^^^^^^^^^^^^^^^^^^^^^
  File "/usr/lib/python3/dist-packages/pyvisa_py/usb.py", line 207, in _get_attribute
    raise UnknownAttribute(attribute)
pyvisa_py.sessions.UnknownAttribute: Unknown attribute 1073676342 (0x3fff0036 - VI_ATTR_SUPPRESS_END_EN)
2025-07-08 12:52:35,794 - ERROR - Unknown attribute 1073676342 (0x3fff0036 - VI_ATTR_SUPPRESS_END_EN)
Traceback (most recent call last):
  File "/usr/lib/python3/dist-packages/pyvisa_py/sessions.py", line 669, in get_attribute
    return self._get_attribute(attribute)
           ^^^^^^^^^^^^^^^^^^^^^^^^^^^^^^
  File "/usr/lib/python3/dist-packages/pyvisa_py/usb.py", line 207, in _get_attribute
    raise UnknownAttribute(attribute)
pyvisa_py.sessions.UnknownAttribute: Unknown attribute 1073676342 (0x3fff0036 - VI_ATTR_SUPPRESS_END_EN)
2025-07-08 12:52:36,717 - ERROR - Unknown attribute 1073676342 (0x3fff0036 - VI_ATTR_SUPPRESS_END_EN)
Traceback (most recent call last):
  File "/usr/lib/python3/dist-packages/pyvisa_py/sessions.py", line 669, in get_attribute
    return self._get_attribute(attribute)
           ^^^^^^^^^^^^^^^^^^^^^^^^^^^^^^
  File "/usr/lib/python3/dist-packages/pyvisa_py/usb.py", line 207, in _get_attribute
    raise UnknownAttribute(attribute)
pyvisa_py.sessions.UnknownAttribute: Unknown attribute 1073676342 (0x3fff0036 - VI_ATTR_SUPPRESS_END_EN)
2025-07-08 12:52:36,794 - ERROR - Unknown attribute 1073676342 (0x3fff0036 - VI_ATTR_SUPPRESS_END_EN)
Traceback (most recent call last):
  File "/usr/lib/python3/dist-packages/pyvisa_py/sessions.py", line 669, in get_attribute
    return self._get_attribute(attribute)
           ^^^^^^^^^^^^^^^^^^^^^^^^^^^^^^
  File "/usr/lib/python3/dist-packages/pyvisa_py/usb.py", line 207, in _get_attribute
    raise UnknownAttribute(attribute)
pyvisa_py.sessions.UnknownAttribute: Unknown attribute 1073676342 (0x3fff0036 - VI_ATTR_SUPPRESS_END_EN)
2025-07-08 12:52:38,717 - ERROR - Unknown attribute 1073676342 (0x3fff0036 - VI_ATTR_SUPPRESS_END_EN)
Traceback (most recent call last):
  File "/usr/lib/python3/dist-packages/pyvisa_py/sessions.py", line 669, in get_attribute
    return self._get_attribute(attribute)
           ^^^^^^^^^^^^^^^^^^^^^^^^^^^^^^
  File "/usr/lib/python3/dist-packages/pyvisa_py/usb.py", line 207, in _get_attribute
    raise UnknownAttribute(attribute)
pyvisa_py.sessions.UnknownAttribute: Unknown attribute 1073676342 (0x3fff0036 - VI_ATTR_SUPPRESS_END_EN)
2025-07-08 12:52:38,794 - ERROR - Unknown attribute 1073676342 (0x3fff0036 - VI_ATTR_SUPPRESS_END_EN)
Traceback (most recent call last):
  File "/usr/lib/python3/dist-packages/pyvisa_py/sessions.py", line 669, in get_attribute
    return self._get_attribute(attribute)
           ^^^^^^^^^^^^^^^^^^^^^^^^^^^^^^
  File "/usr/lib/python3/dist-packages/pyvisa_py/usb.py", line 207, in _get_attribute
    raise UnknownAttribute(attribute)
pyvisa_py.sessions.UnknownAttribute: Unknown attribute 1073676342 (0x3fff0036 - VI_ATTR_SUPPRESS_END_EN)
2025-07-08 12:52:39,717 - ERROR - Unknown attribute 1073676342 (0x3fff0036 - VI_ATTR_SUPPRESS_END_EN)
Traceback (most recent call last):
  File "/usr/lib/python3/dist-packages/pyvisa_py/sessions.py", line 669, in get_attribute
    return self._get_attribute(attribute)
           ^^^^^^^^^^^^^^^^^^^^^^^^^^^^^^
  File "/usr/lib/python3/dist-packages/pyvisa_py/usb.py", line 207, in _get_attribute
    raise UnknownAttribute(attribute)
pyvisa_py.sessions.UnknownAttribute: Unknown attribute 1073676342 (0x3fff0036 - VI_ATTR_SUPPRESS_END_EN)
2025-07-08 12:52:39,794 - ERROR - Unknown attribute 1073676342 (0x3fff0036 - VI_ATTR_SUPPRESS_END_EN)
Traceback (most recent call last):
  File "/usr/lib/python3/dist-packages/pyvisa_py/sessions.py", line 669, in get_attribute
    return self._get_attribute(attribute)
           ^^^^^^^^^^^^^^^^^^^^^^^^^^^^^^
  File "/usr/lib/python3/dist-packages/pyvisa_py/usb.py", line 207, in _get_attribute
    raise UnknownAttribute(attribute)
pyvisa_py.sessions.UnknownAttribute: Unknown attribute 1073676342 (0x3fff0036 - VI_ATTR_SUPPRESS_END_EN)
2025-07-08 12:52:40,716 - ERROR - Unknown attribute 1073676342 (0x3fff0036 - VI_ATTR_SUPPRESS_END_EN)
Traceback (most recent call last):
  File "/usr/lib/python3/dist-packages/pyvisa_py/sessions.py", line 669, in get_attribute
    return self._get_attribute(attribute)
           ^^^^^^^^^^^^^^^^^^^^^^^^^^^^^^
  File "/usr/lib/python3/dist-packages/pyvisa_py/usb.py", line 207, in _get_attribute
    raise UnknownAttribute(attribute)
pyvisa_py.sessions.UnknownAttribute: Unknown attribute 1073676342 (0x3fff0036 - VI_ATTR_SUPPRESS_END_EN)
2025-07-08 12:52:40,794 - ERROR - Unknown attribute 1073676342 (0x3fff0036 - VI_ATTR_SUPPRESS_END_EN)
Traceback (most recent call last):
  File "/usr/lib/python3/dist-packages/pyvisa_py/sessions.py", line 669, in get_attribute
    return self._get_attribute(attribute)
           ^^^^^^^^^^^^^^^^^^^^^^^^^^^^^^
  File "/usr/lib/python3/dist-packages/pyvisa_py/usb.py", line 207, in _get_attribute
    raise UnknownAttribute(attribute)
pyvisa_py.sessions.UnknownAttribute: Unknown attribute 1073676342 (0x3fff0036 - VI_ATTR_SUPPRESS_END_EN)
2025-07-08 12:52:41,716 - ERROR - Unknown attribute 1073676342 (0x3fff0036 - VI_ATTR_SUPPRESS_END_EN)
Traceback (most recent call last):
  File "/usr/lib/python3/dist-packages/pyvisa_py/sessions.py", line 669, in get_attribute
    return self._get_attribute(attribute)
           ^^^^^^^^^^^^^^^^^^^^^^^^^^^^^^
  File "/usr/lib/python3/dist-packages/pyvisa_py/usb.py", line 207, in _get_attribute
    raise UnknownAttribute(attribute)
pyvisa_py.sessions.UnknownAttribute: Unknown attribute 1073676342 (0x3fff0036 - VI_ATTR_SUPPRESS_END_EN)
2025-07-08 12:52:41,794 - ERROR - Unknown attribute 1073676342 (0x3fff0036 - VI_ATTR_SUPPRESS_END_EN)
Traceback (most recent call last):
  File "/usr/lib/python3/dist-packages/pyvisa_py/sessions.py", line 669, in get_attribute
    return self._get_attribute(attribute)
           ^^^^^^^^^^^^^^^^^^^^^^^^^^^^^^
  File "/usr/lib/python3/dist-packages/pyvisa_py/usb.py", line 207, in _get_attribute
    raise UnknownAttribute(attribute)
pyvisa_py.sessions.UnknownAttribute: Unknown attribute 1073676342 (0x3fff0036 - VI_ATTR_SUPPRESS_END_EN)
2025-07-08 12:52:41,904 - INFO - Progress: 15.5s | Set: -0.126A | Measured: V=3.700V, I=-0.126A
2025-07-08 12:52:42,716 - ERROR - Unknown attribute 1073676342 (0x3fff0036 - VI_ATTR_SUPPRESS_END_EN)
Traceback (most recent call last):
  File "/usr/lib/python3/dist-packages/pyvisa_py/sessions.py", line 669, in get_attribute
    return self._get_attribute(attribute)
           ^^^^^^^^^^^^^^^^^^^^^^^^^^^^^^
  File "/usr/lib/python3/dist-packages/pyvisa_py/usb.py", line 207, in _get_attribute
    raise UnknownAttribute(attribute)
pyvisa_py.sessions.UnknownAttribute: Unknown attribute 1073676342 (0x3fff0036 - VI_ATTR_SUPPRESS_END_EN)
2025-07-08 12:52:42,794 - ERROR - Unknown attribute 1073676342 (0x3fff0036 - VI_ATTR_SUPPRESS_END_EN)
Traceback (most recent call last):
  File "/usr/lib/python3/dist-packages/pyvisa_py/sessions.py", line 669, in get_attribute
    return self._get_attribute(attribute)
           ^^^^^^^^^^^^^^^^^^^^^^^^^^^^^^
  File "/usr/lib/python3/dist-packages/pyvisa_py/usb.py", line 207, in _get_attribute
    raise UnknownAttribute(attribute)
pyvisa_py.sessions.UnknownAttribute: Unknown attribute 1073676342 (0x3fff0036 - VI_ATTR_SUPPRESS_END_EN)
2025-07-08 12:52:43,717 - ERROR - Unknown attribute 1073676342 (0x3fff0036 - VI_ATTR_SUPPRESS_END_EN)
Traceback (most recent call last):
  File "/usr/lib/python3/dist-packages/pyvisa_py/sessions.py", line 669, in get_attribute
    return self._get_attribute(attribute)
           ^^^^^^^^^^^^^^^^^^^^^^^^^^^^^^
  File "/usr/lib/python3/dist-packages/pyvisa_py/usb.py", line 207, in _get_attribute
    raise UnknownAttribute(attribute)
pyvisa_py.sessions.UnknownAttribute: Unknown attribute 1073676342 (0x3fff0036 - VI_ATTR_SUPPRESS_END_EN)
2025-07-08 12:52:43,794 - ERROR - Unknown attribute 1073676342 (0x3fff0036 - VI_ATTR_SUPPRESS_END_EN)
Traceback (most recent call last):
  File "/usr/lib/python3/dist-packages/pyvisa_py/sessions.py", line 669, in get_attribute
    return self._get_attribute(attribute)
           ^^^^^^^^^^^^^^^^^^^^^^^^^^^^^^
  File "/usr/lib/python3/dist-packages/pyvisa_py/usb.py", line 207, in _get_attribute
    raise UnknownAttribute(attribute)
pyvisa_py.sessions.UnknownAttribute: Unknown attribute 1073676342 (0x3fff0036 - VI_ATTR_SUPPRESS_END_EN)
2025-07-08 12:52:44,717 - ERROR - Unknown attribute 1073676342 (0x3fff0036 - VI_ATTR_SUPPRESS_END_EN)
Traceback (most recent call last):
  File "/usr/lib/python3/dist-packages/pyvisa_py/sessions.py", line 669, in get_attribute
    return self._get_attribute(attribute)
           ^^^^^^^^^^^^^^^^^^^^^^^^^^^^^^
  File "/usr/lib/python3/dist-packages/pyvisa_py/usb.py", line 207, in _get_attribute
    raise UnknownAttribute(attribute)
pyvisa_py.sessions.UnknownAttribute: Unknown attribute 1073676342 (0x3fff0036 - VI_ATTR_SUPPRESS_END_EN)
2025-07-08 12:52:44,794 - ERROR - Unknown attribute 1073676342 (0x3fff0036 - VI_ATTR_SUPPRESS_END_EN)
Traceback (most recent call last):
  File "/usr/lib/python3/dist-packages/pyvisa_py/sessions.py", line 669, in get_attribute
    return self._get_attribute(attribute)
           ^^^^^^^^^^^^^^^^^^^^^^^^^^^^^^
  File "/usr/lib/python3/dist-packages/pyvisa_py/usb.py", line 207, in _get_attribute
    raise UnknownAttribute(attribute)
pyvisa_py.sessions.UnknownAttribute: Unknown attribute 1073676342 (0x3fff0036 - VI_ATTR_SUPPRESS_END_EN)
2025-07-08 12:52:45,717 - ERROR - Unknown attribute 1073676342 (0x3fff0036 - VI_ATTR_SUPPRESS_END_EN)
Traceback (most recent call last):
  File "/usr/lib/python3/dist-packages/pyvisa_py/sessions.py", line 669, in get_attribute
    return self._get_attribute(attribute)
           ^^^^^^^^^^^^^^^^^^^^^^^^^^^^^^
  File "/usr/lib/python3/dist-packages/pyvisa_py/usb.py", line 207, in _get_attribute
    raise UnknownAttribute(attribute)
pyvisa_py.sessions.UnknownAttribute: Unknown attribute 1073676342 (0x3fff0036 - VI_ATTR_SUPPRESS_END_EN)
2025-07-08 12:52:45,794 - ERROR - Unknown attribute 1073676342 (0x3fff0036 - VI_ATTR_SUPPRESS_END_EN)
Traceback (most recent call last):
  File "/usr/lib/python3/dist-packages/pyvisa_py/sessions.py", line 669, in get_attribute
    return self._get_attribute(attribute)
           ^^^^^^^^^^^^^^^^^^^^^^^^^^^^^^
  File "/usr/lib/python3/dist-packages/pyvisa_py/usb.py", line 207, in _get_attribute
    raise UnknownAttribute(attribute)
pyvisa_py.sessions.UnknownAttribute: Unknown attribute 1073676342 (0x3fff0036 - VI_ATTR_SUPPRESS_END_EN)
2025-07-08 12:52:46,716 - ERROR - Unknown attribute 1073676342 (0x3fff0036 - VI_ATTR_SUPPRESS_END_EN)
Traceback (most recent call last):
  File "/usr/lib/python3/dist-packages/pyvisa_py/sessions.py", line 669, in get_attribute
    return self._get_attribute(attribute)
           ^^^^^^^^^^^^^^^^^^^^^^^^^^^^^^
  File "/usr/lib/python3/dist-packages/pyvisa_py/usb.py", line 207, in _get_attribute
    raise UnknownAttribute(attribute)
pyvisa_py.sessions.UnknownAttribute: Unknown attribute 1073676342 (0x3fff0036 - VI_ATTR_SUPPRESS_END_EN)
2025-07-08 12:52:46,794 - ERROR - Unknown attribute 1073676342 (0x3fff0036 - VI_ATTR_SUPPRESS_END_EN)
Traceback (most recent call last):
  File "/usr/lib/python3/dist-packages/pyvisa_py/sessions.py", line 669, in get_attribute
    return self._get_attribute(attribute)
           ^^^^^^^^^^^^^^^^^^^^^^^^^^^^^^
  File "/usr/lib/python3/dist-packages/pyvisa_py/usb.py", line 207, in _get_attribute
    raise UnknownAttribute(attribute)
pyvisa_py.sessions.UnknownAttribute: Unknown attribute 1073676342 (0x3fff0036 - VI_ATTR_SUPPRESS_END_EN)
2025-07-08 12:52:47,717 - ERROR - Unknown attribute 1073676342 (0x3fff0036 - VI_ATTR_SUPPRESS_END_EN)
Traceback (most recent call last):
  File "/usr/lib/python3/dist-packages/pyvisa_py/sessions.py", line 669, in get_attribute
    return self._get_attribute(attribute)
           ^^^^^^^^^^^^^^^^^^^^^^^^^^^^^^
  File "/usr/lib/python3/dist-packages/pyvisa_py/usb.py", line 207, in _get_attribute
    raise UnknownAttribute(attribute)
pyvisa_py.sessions.UnknownAttribute: Unknown attribute 1073676342 (0x3fff0036 - VI_ATTR_SUPPRESS_END_EN)
2025-07-08 12:52:47,794 - ERROR - Unknown attribute 1073676342 (0x3fff0036 - VI_ATTR_SUPPRESS_END_EN)
Traceback (most recent call last):
  File "/usr/lib/python3/dist-packages/pyvisa_py/sessions.py", line 669, in get_attribute
    return self._get_attribute(attribute)
           ^^^^^^^^^^^^^^^^^^^^^^^^^^^^^^
  File "/usr/lib/python3/dist-packages/pyvisa_py/usb.py", line 207, in _get_attribute
    raise UnknownAttribute(attribute)
pyvisa_py.sessions.UnknownAttribute: Unknown attribute 1073676342 (0x3fff0036 - VI_ATTR_SUPPRESS_END_EN)
2025-07-08 12:52:49,717 - ERROR - Unknown attribute 1073676342 (0x3fff0036 - VI_ATTR_SUPPRESS_END_EN)
Traceback (most recent call last):
  File "/usr/lib/python3/dist-packages/pyvisa_py/sessions.py", line 669, in get_attribute
    return self._get_attribute(attribute)
           ^^^^^^^^^^^^^^^^^^^^^^^^^^^^^^
  File "/usr/lib/python3/dist-packages/pyvisa_py/usb.py", line 207, in _get_attribute
    raise UnknownAttribute(attribute)
pyvisa_py.sessions.UnknownAttribute: Unknown attribute 1073676342 (0x3fff0036 - VI_ATTR_SUPPRESS_END_EN)
2025-07-08 12:52:49,794 - ERROR - Unknown attribute 1073676342 (0x3fff0036 - VI_ATTR_SUPPRESS_END_EN)
Traceback (most recent call last):
  File "/usr/lib/python3/dist-packages/pyvisa_py/sessions.py", line 669, in get_attribute
    return self._get_attribute(attribute)
           ^^^^^^^^^^^^^^^^^^^^^^^^^^^^^^
  File "/usr/lib/python3/dist-packages/pyvisa_py/usb.py", line 207, in _get_attribute
    raise UnknownAttribute(attribute)
pyvisa_py.sessions.UnknownAttribute: Unknown attribute 1073676342 (0x3fff0036 - VI_ATTR_SUPPRESS_END_EN)
2025-07-08 12:52:55,716 - ERROR - Unknown attribute 1073676342 (0x3fff0036 - VI_ATTR_SUPPRESS_END_EN)
Traceback (most recent call last):
  File "/usr/lib/python3/dist-packages/pyvisa_py/sessions.py", line 669, in get_attribute
    return self._get_attribute(attribute)
           ^^^^^^^^^^^^^^^^^^^^^^^^^^^^^^
  File "/usr/lib/python3/dist-packages/pyvisa_py/usb.py", line 207, in _get_attribute
    raise UnknownAttribute(attribute)
pyvisa_py.sessions.UnknownAttribute: Unknown attribute 1073676342 (0x3fff0036 - VI_ATTR_SUPPRESS_END_EN)
2025-07-08 12:52:55,794 - ERROR - Unknown attribute 1073676342 (0x3fff0036 - VI_ATTR_SUPPRESS_END_EN)
Traceback (most recent call last):
  File "/usr/lib/python3/dist-packages/pyvisa_py/sessions.py", line 669, in get_attribute
    return self._get_attribute(attribute)
           ^^^^^^^^^^^^^^^^^^^^^^^^^^^^^^
  File "/usr/lib/python3/dist-packages/pyvisa_py/usb.py", line 207, in _get_attribute
    raise UnknownAttribute(attribute)
pyvisa_py.sessions.UnknownAttribute: Unknown attribute 1073676342 (0x3fff0036 - VI_ATTR_SUPPRESS_END_EN)
2025-07-08 12:53:03,717 - ERROR - Unknown attribute 1073676342 (0x3fff0036 - VI_ATTR_SUPPRESS_END_EN)
Traceback (most recent call last):
  File "/usr/lib/python3/dist-packages/pyvisa_py/sessions.py", line 669, in get_attribute
    return self._get_attribute(attribute)
           ^^^^^^^^^^^^^^^^^^^^^^^^^^^^^^
  File "/usr/lib/python3/dist-packages/pyvisa_py/usb.py", line 207, in _get_attribute
    raise UnknownAttribute(attribute)
pyvisa_py.sessions.UnknownAttribute: Unknown attribute 1073676342 (0x3fff0036 - VI_ATTR_SUPPRESS_END_EN)
2025-07-08 12:53:03,794 - ERROR - Unknown attribute 1073676342 (0x3fff0036 - VI_ATTR_SUPPRESS_END_EN)
Traceback (most recent call last):
  File "/usr/lib/python3/dist-packages/pyvisa_py/sessions.py", line 669, in get_attribute
    return self._get_attribute(attribute)
           ^^^^^^^^^^^^^^^^^^^^^^^^^^^^^^
  File "/usr/lib/python3/dist-packages/pyvisa_py/usb.py", line 207, in _get_attribute
    raise UnknownAttribute(attribute)
pyvisa_py.sessions.UnknownAttribute: Unknown attribute 1073676342 (0x3fff0036 - VI_ATTR_SUPPRESS_END_EN)
2025-07-08 12:53:06,716 - ERROR - Unknown attribute 1073676342 (0x3fff0036 - VI_ATTR_SUPPRESS_END_EN)
Traceback (most recent call last):
  File "/usr/lib/python3/dist-packages/pyvisa_py/sessions.py", line 669, in get_attribute
    return self._get_attribute(attribute)
           ^^^^^^^^^^^^^^^^^^^^^^^^^^^^^^
  File "/usr/lib/python3/dist-packages/pyvisa_py/usb.py", line 207, in _get_attribute
    raise UnknownAttribute(attribute)
pyvisa_py.sessions.UnknownAttribute: Unknown attribute 1073676342 (0x3fff0036 - VI_ATTR_SUPPRESS_END_EN)
2025-07-08 12:53:06,794 - ERROR - Unknown attribute 1073676342 (0x3fff0036 - VI_ATTR_SUPPRESS_END_EN)
Traceback (most recent call last):
  File "/usr/lib/python3/dist-packages/pyvisa_py/sessions.py", line 669, in get_attribute
    return self._get_attribute(attribute)
           ^^^^^^^^^^^^^^^^^^^^^^^^^^^^^^
  File "/usr/lib/python3/dist-packages/pyvisa_py/usb.py", line 207, in _get_attribute
    raise UnknownAttribute(attribute)
pyvisa_py.sessions.UnknownAttribute: Unknown attribute 1073676342 (0x3fff0036 - VI_ATTR_SUPPRESS_END_EN)
2025-07-08 12:53:06,904 - INFO - Progress: 40.5s | Set: 0.987A | Measured: V=3.700V, I=0.987A
2025-07-08 12:53:07,716 - ERROR - Unknown attribute 1073676342 (0x3fff0036 - VI_ATTR_SUPPRESS_END_EN)
Traceback (most recent call last):
  File "/usr/lib/python3/dist-packages/pyvisa_py/sessions.py", line 669, in get_attribute
    return self._get_attribute(attribute)
           ^^^^^^^^^^^^^^^^^^^^^^^^^^^^^^
  File "/usr/lib/python3/dist-packages/pyvisa_py/usb.py", line 207, in _get_attribute
    raise UnknownAttribute(attribute)
pyvisa_py.sessions.UnknownAttribute: Unknown attribute 1073676342 (0x3fff0036 - VI_ATTR_SUPPRESS_END_EN)
2025-07-08 12:53:07,794 - ERROR - Unknown attribute 1073676342 (0x3fff0036 - VI_ATTR_SUPPRESS_END_EN)
Traceback (most recent call last):
  File "/usr/lib/python3/dist-packages/pyvisa_py/sessions.py", line 669, in get_attribute
    return self._get_attribute(attribute)
           ^^^^^^^^^^^^^^^^^^^^^^^^^^^^^^
  File "/usr/lib/python3/dist-packages/pyvisa_py/usb.py", line 207, in _get_attribute
    raise UnknownAttribute(attribute)
pyvisa_py.sessions.UnknownAttribute: Unknown attribute 1073676342 (0x3fff0036 - VI_ATTR_SUPPRESS_END_EN)
2025-07-08 12:53:09,716 - ERROR - Unknown attribute 1073676342 (0x3fff0036 - VI_ATTR_SUPPRESS_END_EN)
Traceback (most recent call last):
  File "/usr/lib/python3/dist-packages/pyvisa_py/sessions.py", line 669, in get_attribute
    return self._get_attribute(attribute)
           ^^^^^^^^^^^^^^^^^^^^^^^^^^^^^^
  File "/usr/lib/python3/dist-packages/pyvisa_py/usb.py", line 207, in _get_attribute
    raise UnknownAttribute(attribute)
pyvisa_py.sessions.UnknownAttribute: Unknown attribute 1073676342 (0x3fff0036 - VI_ATTR_SUPPRESS_END_EN)
2025-07-08 12:53:09,794 - ERROR - Unknown attribute 1073676342 (0x3fff0036 - VI_ATTR_SUPPRESS_END_EN)
Traceback (most recent call last):
  File "/usr/lib/python3/dist-packages/pyvisa_py/sessions.py", line 669, in get_attribute
    return self._get_attribute(attribute)
           ^^^^^^^^^^^^^^^^^^^^^^^^^^^^^^
  File "/usr/lib/python3/dist-packages/pyvisa_py/usb.py", line 207, in _get_attribute
    raise UnknownAttribute(attribute)
pyvisa_py.sessions.UnknownAttribute: Unknown attribute 1073676342 (0x3fff0036 - VI_ATTR_SUPPRESS_END_EN)
2025-07-08 12:53:12,716 - ERROR - Unknown attribute 1073676342 (0x3fff0036 - VI_ATTR_SUPPRESS_END_EN)
Traceback (most recent call last):
  File "/usr/lib/python3/dist-packages/pyvisa_py/sessions.py", line 669, in get_attribute
    return self._get_attribute(attribute)
           ^^^^^^^^^^^^^^^^^^^^^^^^^^^^^^
  File "/usr/lib/python3/dist-packages/pyvisa_py/usb.py", line 207, in _get_attribute
    raise UnknownAttribute(attribute)
pyvisa_py.sessions.UnknownAttribute: Unknown attribute 1073676342 (0x3fff0036 - VI_ATTR_SUPPRESS_END_EN)
2025-07-08 12:53:12,794 - ERROR - Unknown attribute 1073676342 (0x3fff0036 - VI_ATTR_SUPPRESS_END_EN)
Traceback (most recent call last):
  File "/usr/lib/python3/dist-packages/pyvisa_py/sessions.py", line 669, in get_attribute
    return self._get_attribute(attribute)
           ^^^^^^^^^^^^^^^^^^^^^^^^^^^^^^
  File "/usr/lib/python3/dist-packages/pyvisa_py/usb.py", line 207, in _get_attribute
    raise UnknownAttribute(attribute)
pyvisa_py.sessions.UnknownAttribute: Unknown attribute 1073676342 (0x3fff0036 - VI_ATTR_SUPPRESS_END_EN)
2025-07-08 12:53:17,717 - ERROR - Unknown attribute 1073676342 (0x3fff0036 - VI_ATTR_SUPPRESS_END_EN)
Traceback (most recent call last):
  File "/usr/lib/python3/dist-packages/pyvisa_py/sessions.py", line 669, in get_attribute
    return self._get_attribute(attribute)
           ^^^^^^^^^^^^^^^^^^^^^^^^^^^^^^
  File "/usr/lib/python3/dist-packages/pyvisa_py/usb.py", line 207, in _get_attribute
    raise UnknownAttribute(attribute)
pyvisa_py.sessions.UnknownAttribute: Unknown attribute 1073676342 (0x3fff0036 - VI_ATTR_SUPPRESS_END_EN)
2025-07-08 12:53:17,794 - ERROR - Unknown attribute 1073676342 (0x3fff0036 - VI_ATTR_SUPPRESS_END_EN)
Traceback (most recent call last):
  File "/usr/lib/python3/dist-packages/pyvisa_py/sessions.py", line 669, in get_attribute
    return self._get_attribute(attribute)
           ^^^^^^^^^^^^^^^^^^^^^^^^^^^^^^
  File "/usr/lib/python3/dist-packages/pyvisa_py/usb.py", line 207, in _get_attribute
    raise UnknownAttribute(attribute)
pyvisa_py.sessions.UnknownAttribute: Unknown attribute 1073676342 (0x3fff0036 - VI_ATTR_SUPPRESS_END_EN)
2025-07-08 12:53:19,716 - ERROR - Unknown attribute 1073676342 (0x3fff0036 - VI_ATTR_SUPPRESS_END_EN)
Traceback (most recent call last):
  File "/usr/lib/python3/dist-packages/pyvisa_py/sessions.py", line 669, in get_attribute
    return self._get_attribute(attribute)
           ^^^^^^^^^^^^^^^^^^^^^^^^^^^^^^
  File "/usr/lib/python3/dist-packages/pyvisa_py/usb.py", line 207, in _get_attribute
    raise UnknownAttribute(attribute)
pyvisa_py.sessions.UnknownAttribute: Unknown attribute 1073676342 (0x3fff0036 - VI_ATTR_SUPPRESS_END_EN)
2025-07-08 12:53:19,795 - ERROR - Unknown attribute 1073676342 (0x3fff0036 - VI_ATTR_SUPPRESS_END_EN)
Traceback (most recent call last):
  File "/usr/lib/python3/dist-packages/pyvisa_py/sessions.py", line 669, in get_attribute
    return self._get_attribute(attribute)
           ^^^^^^^^^^^^^^^^^^^^^^^^^^^^^^
  File "/usr/lib/python3/dist-packages/pyvisa_py/usb.py", line 207, in _get_attribute
    raise UnknownAttribute(attribute)
pyvisa_py.sessions.UnknownAttribute: Unknown attribute 1073676342 (0x3fff0036 - VI_ATTR_SUPPRESS_END_EN)
2025-07-08 12:53:22,718 - ERROR - Unknown attribute 1073676342 (0x3fff0036 - VI_ATTR_SUPPRESS_END_EN)
Traceback (most recent call last):
  File "/usr/lib/python3/dist-packages/pyvisa_py/sessions.py", line 669, in get_attribute
    return self._get_attribute(attribute)
           ^^^^^^^^^^^^^^^^^^^^^^^^^^^^^^
  File "/usr/lib/python3/dist-packages/pyvisa_py/usb.py", line 207, in _get_attribute
    raise UnknownAttribute(attribute)
pyvisa_py.sessions.UnknownAttribute: Unknown attribute 1073676342 (0x3fff0036 - VI_ATTR_SUPPRESS_END_EN)
2025-07-08 12:53:22,795 - ERROR - Unknown attribute 1073676342 (0x3fff0036 - VI_ATTR_SUPPRESS_END_EN)
Traceback (most recent call last):
  File "/usr/lib/python3/dist-packages/pyvisa_py/sessions.py", line 669, in get_attribute
    return self._get_attribute(attribute)
           ^^^^^^^^^^^^^^^^^^^^^^^^^^^^^^
  File "/usr/lib/python3/dist-packages/pyvisa_py/usb.py", line 207, in _get_attribute
    raise UnknownAttribute(attribute)
pyvisa_py.sessions.UnknownAttribute: Unknown attribute 1073676342 (0x3fff0036 - VI_ATTR_SUPPRESS_END_EN)
2025-07-08 12:53:29,717 - ERROR - Unknown attribute 1073676342 (0x3fff0036 - VI_ATTR_SUPPRESS_END_EN)
Traceback (most recent call last):
  File "/usr/lib/python3/dist-packages/pyvisa_py/sessions.py", line 669, in get_attribute
    return self._get_attribute(attribute)
           ^^^^^^^^^^^^^^^^^^^^^^^^^^^^^^
  File "/usr/lib/python3/dist-packages/pyvisa_py/usb.py", line 207, in _get_attribute
    raise UnknownAttribute(attribute)
pyvisa_py.sessions.UnknownAttribute: Unknown attribute 1073676342 (0x3fff0036 - VI_ATTR_SUPPRESS_END_EN)
2025-07-08 12:53:29,795 - ERROR - Unknown attribute 1073676342 (0x3fff0036 - VI_ATTR_SUPPRESS_END_EN)
Traceback (most recent call last):
  File "/usr/lib/python3/dist-packages/pyvisa_py/sessions.py", line 669, in get_attribute
    return self._get_attribute(attribute)
           ^^^^^^^^^^^^^^^^^^^^^^^^^^^^^^
  File "/usr/lib/python3/dist-packages/pyvisa_py/usb.py", line 207, in _get_attribute
    raise UnknownAttribute(attribute)
pyvisa_py.sessions.UnknownAttribute: Unknown attribute 1073676342 (0x3fff0036 - VI_ATTR_SUPPRESS_END_EN)
2025-07-08 12:53:32,716 - ERROR - Unknown attribute 1073676342 (0x3fff0036 - VI_ATTR_SUPPRESS_END_EN)
Traceback (most recent call last):
  File "/usr/lib/python3/dist-packages/pyvisa_py/sessions.py", line 669, in get_attribute
    return self._get_attribute(attribute)
           ^^^^^^^^^^^^^^^^^^^^^^^^^^^^^^
  File "/usr/lib/python3/dist-packages/pyvisa_py/usb.py", line 207, in _get_attribute
    raise UnknownAttribute(attribute)
pyvisa_py.sessions.UnknownAttribute: Unknown attribute 1073676342 (0x3fff0036 - VI_ATTR_SUPPRESS_END_EN)
2025-07-08 12:53:32,794 - ERROR - Unknown attribute 1073676342 (0x3fff0036 - VI_ATTR_SUPPRESS_END_EN)
Traceback (most recent call last):
  File "/usr/lib/python3/dist-packages/pyvisa_py/sessions.py", line 669, in get_attribute
    return self._get_attribute(attribute)
           ^^^^^^^^^^^^^^^^^^^^^^^^^^^^^^
  File "/usr/lib/python3/dist-packages/pyvisa_py/usb.py", line 207, in _get_attribute
    raise UnknownAttribute(attribute)
pyvisa_py.sessions.UnknownAttribute: Unknown attribute 1073676342 (0x3fff0036 - VI_ATTR_SUPPRESS_END_EN)
2025-07-08 12:53:33,717 - ERROR - Unknown attribute 1073676342 (0x3fff0036 - VI_ATTR_SUPPRESS_END_EN)
Traceback (most recent call last):
  File "/usr/lib/python3/dist-packages/pyvisa_py/sessions.py", line 669, in get_attribute
    return self._get_attribute(attribute)
           ^^^^^^^^^^^^^^^^^^^^^^^^^^^^^^
  File "/usr/lib/python3/dist-packages/pyvisa_py/usb.py", line 207, in _get_attribute
    raise UnknownAttribute(attribute)
pyvisa_py.sessions.UnknownAttribute: Unknown attribute 1073676342 (0x3fff0036 - VI_ATTR_SUPPRESS_END_EN)
2025-07-08 12:53:33,795 - ERROR - Unknown attribute 1073676342 (0x3fff0036 - VI_ATTR_SUPPRESS_END_EN)
Traceback (most recent call last):
  File "/usr/lib/python3/dist-packages/pyvisa_py/sessions.py", line 669, in get_attribute
    return self._get_attribute(attribute)
           ^^^^^^^^^^^^^^^^^^^^^^^^^^^^^^
  File "/usr/lib/python3/dist-packages/pyvisa_py/usb.py", line 207, in _get_attribute
    raise UnknownAttribute(attribute)
pyvisa_py.sessions.UnknownAttribute: Unknown attribute 1073676342 (0x3fff0036 - VI_ATTR_SUPPRESS_END_EN)
2025-07-08 12:53:36,717 - ERROR - Unknown attribute 1073676342 (0x3fff0036 - VI_ATTR_SUPPRESS_END_EN)
Traceback (most recent call last):
  File "/usr/lib/python3/dist-packages/pyvisa_py/sessions.py", line 669, in get_attribute
    return self._get_attribute(attribute)
           ^^^^^^^^^^^^^^^^^^^^^^^^^^^^^^
  File "/usr/lib/python3/dist-packages/pyvisa_py/usb.py", line 207, in _get_attribute
    raise UnknownAttribute(attribute)
pyvisa_py.sessions.UnknownAttribute: Unknown attribute 1073676342 (0x3fff0036 - VI_ATTR_SUPPRESS_END_EN)
2025-07-08 12:53:36,795 - ERROR - Unknown attribute 1073676342 (0x3fff0036 - VI_ATTR_SUPPRESS_END_EN)
Traceback (most recent call last):
  File "/usr/lib/python3/dist-packages/pyvisa_py/sessions.py", line 669, in get_attribute
    return self._get_attribute(attribute)
           ^^^^^^^^^^^^^^^^^^^^^^^^^^^^^^
  File "/usr/lib/python3/dist-packages/pyvisa_py/usb.py", line 207, in _get_attribute
    raise UnknownAttribute(attribute)
pyvisa_py.sessions.UnknownAttribute: Unknown attribute 1073676342 (0x3fff0036 - VI_ATTR_SUPPRESS_END_EN)
2025-07-08 12:53:36,904 - INFO - Progress: 70.5s | Set: 0.868A | Measured: V=3.700V, I=0.868A
2025-07-08 12:53:39,717 - ERROR - Unknown attribute 1073676342 (0x3fff0036 - VI_ATTR_SUPPRESS_END_EN)
Traceback (most recent call last):
  File "/usr/lib/python3/dist-packages/pyvisa_py/sessions.py", line 669, in get_attribute
    return self._get_attribute(attribute)
           ^^^^^^^^^^^^^^^^^^^^^^^^^^^^^^
  File "/usr/lib/python3/dist-packages/pyvisa_py/usb.py", line 207, in _get_attribute
    raise UnknownAttribute(attribute)
pyvisa_py.sessions.UnknownAttribute: Unknown attribute 1073676342 (0x3fff0036 - VI_ATTR_SUPPRESS_END_EN)
2025-07-08 12:53:39,795 - ERROR - Unknown attribute 1073676342 (0x3fff0036 - VI_ATTR_SUPPRESS_END_EN)
Traceback (most recent call last):
  File "/usr/lib/python3/dist-packages/pyvisa_py/sessions.py", line 669, in get_attribute
    return self._get_attribute(attribute)
           ^^^^^^^^^^^^^^^^^^^^^^^^^^^^^^
  File "/usr/lib/python3/dist-packages/pyvisa_py/usb.py", line 207, in _get_attribute
    raise UnknownAttribute(attribute)
pyvisa_py.sessions.UnknownAttribute: Unknown attribute 1073676342 (0x3fff0036 - VI_ATTR_SUPPRESS_END_EN)
2025-07-08 12:53:42,716 - ERROR - Unknown attribute 1073676342 (0x3fff0036 - VI_ATTR_SUPPRESS_END_EN)
Traceback (most recent call last):
  File "/usr/lib/python3/dist-packages/pyvisa_py/sessions.py", line 669, in get_attribute
    return self._get_attribute(attribute)
           ^^^^^^^^^^^^^^^^^^^^^^^^^^^^^^
  File "/usr/lib/python3/dist-packages/pyvisa_py/usb.py", line 207, in _get_attribute
    raise UnknownAttribute(attribute)
pyvisa_py.sessions.UnknownAttribute: Unknown attribute 1073676342 (0x3fff0036 - VI_ATTR_SUPPRESS_END_EN)
2025-07-08 12:53:42,795 - ERROR - Unknown attribute 1073676342 (0x3fff0036 - VI_ATTR_SUPPRESS_END_EN)
Traceback (most recent call last):
  File "/usr/lib/python3/dist-packages/pyvisa_py/sessions.py", line 669, in get_attribute
    return self._get_attribute(attribute)
           ^^^^^^^^^^^^^^^^^^^^^^^^^^^^^^
  File "/usr/lib/python3/dist-packages/pyvisa_py/usb.py", line 207, in _get_attribute
    raise UnknownAttribute(attribute)
pyvisa_py.sessions.UnknownAttribute: Unknown attribute 1073676342 (0x3fff0036 - VI_ATTR_SUPPRESS_END_EN)
2025-07-08 12:53:45,716 - ERROR - Unknown attribute 1073676342 (0x3fff0036 - VI_ATTR_SUPPRESS_END_EN)
Traceback (most recent call last):
  File "/usr/lib/python3/dist-packages/pyvisa_py/sessions.py", line 669, in get_attribute
    return self._get_attribute(attribute)
           ^^^^^^^^^^^^^^^^^^^^^^^^^^^^^^
  File "/usr/lib/python3/dist-packages/pyvisa_py/usb.py", line 207, in _get_attribute
    raise UnknownAttribute(attribute)
pyvisa_py.sessions.UnknownAttribute: Unknown attribute 1073676342 (0x3fff0036 - VI_ATTR_SUPPRESS_END_EN)
2025-07-08 12:53:45,795 - ERROR - Unknown attribute 1073676342 (0x3fff0036 - VI_ATTR_SUPPRESS_END_EN)
Traceback (most recent call last):
  File "/usr/lib/python3/dist-packages/pyvisa_py/sessions.py", line 669, in get_attribute
    return self._get_attribute(attribute)
           ^^^^^^^^^^^^^^^^^^^^^^^^^^^^^^
  File "/usr/lib/python3/dist-packages/pyvisa_py/usb.py", line 207, in _get_attribute
    raise UnknownAttribute(attribute)
pyvisa_py.sessions.UnknownAttribute: Unknown attribute 1073676342 (0x3fff0036 - VI_ATTR_SUPPRESS_END_EN)
2025-07-08 12:53:50,716 - ERROR - Unknown attribute 1073676342 (0x3fff0036 - VI_ATTR_SUPPRESS_END_EN)
Traceback (most recent call last):
  File "/usr/lib/python3/dist-packages/pyvisa_py/sessions.py", line 669, in get_attribute
    return self._get_attribute(attribute)
           ^^^^^^^^^^^^^^^^^^^^^^^^^^^^^^
  File "/usr/lib/python3/dist-packages/pyvisa_py/usb.py", line 207, in _get_attribute
    raise UnknownAttribute(attribute)
pyvisa_py.sessions.UnknownAttribute: Unknown attribute 1073676342 (0x3fff0036 - VI_ATTR_SUPPRESS_END_EN)
2025-07-08 12:53:50,795 - ERROR - Unknown attribute 1073676342 (0x3fff0036 - VI_ATTR_SUPPRESS_END_EN)
Traceback (most recent call last):
  File "/usr/lib/python3/dist-packages/pyvisa_py/sessions.py", line 669, in get_attribute
    return self._get_attribute(attribute)
           ^^^^^^^^^^^^^^^^^^^^^^^^^^^^^^
  File "/usr/lib/python3/dist-packages/pyvisa_py/usb.py", line 207, in _get_attribute
    raise UnknownAttribute(attribute)
pyvisa_py.sessions.UnknownAttribute: Unknown attribute 1073676342 (0x3fff0036 - VI_ATTR_SUPPRESS_END_EN)
2025-07-08 12:53:57,717 - ERROR - Unknown attribute 1073676342 (0x3fff0036 - VI_ATTR_SUPPRESS_END_EN)
Traceback (most recent call last):
  File "/usr/lib/python3/dist-packages/pyvisa_py/sessions.py", line 669, in get_attribute
    return self._get_attribute(attribute)
           ^^^^^^^^^^^^^^^^^^^^^^^^^^^^^^
  File "/usr/lib/python3/dist-packages/pyvisa_py/usb.py", line 207, in _get_attribute
    raise UnknownAttribute(attribute)
pyvisa_py.sessions.UnknownAttribute: Unknown attribute 1073676342 (0x3fff0036 - VI_ATTR_SUPPRESS_END_EN)
2025-07-08 12:53:57,795 - ERROR - Unknown attribute 1073676342 (0x3fff0036 - VI_ATTR_SUPPRESS_END_EN)
Traceback (most recent call last):
  File "/usr/lib/python3/dist-packages/pyvisa_py/sessions.py", line 669, in get_attribute
    return self._get_attribute(attribute)
           ^^^^^^^^^^^^^^^^^^^^^^^^^^^^^^
  File "/usr/lib/python3/dist-packages/pyvisa_py/usb.py", line 207, in _get_attribute
    raise UnknownAttribute(attribute)
pyvisa_py.sessions.UnknownAttribute: Unknown attribute 1073676342 (0x3fff0036 - VI_ATTR_SUPPRESS_END_EN)
2025-07-08 12:53:59,717 - ERROR - Unknown attribute 1073676342 (0x3fff0036 - VI_ATTR_SUPPRESS_END_EN)
Traceback (most recent call last):
  File "/usr/lib/python3/dist-packages/pyvisa_py/sessions.py", line 669, in get_attribute
    return self._get_attribute(attribute)
           ^^^^^^^^^^^^^^^^^^^^^^^^^^^^^^
  File "/usr/lib/python3/dist-packages/pyvisa_py/usb.py", line 207, in _get_attribute
    raise UnknownAttribute(attribute)
pyvisa_py.sessions.UnknownAttribute: Unknown attribute 1073676342 (0x3fff0036 - VI_ATTR_SUPPRESS_END_EN)
2025-07-08 12:53:59,795 - ERROR - Unknown attribute 1073676342 (0x3fff0036 - VI_ATTR_SUPPRESS_END_EN)
Traceback (most recent call last):
  File "/usr/lib/python3/dist-packages/pyvisa_py/sessions.py", line 669, in get_attribute
    return self._get_attribute(attribute)
           ^^^^^^^^^^^^^^^^^^^^^^^^^^^^^^
  File "/usr/lib/python3/dist-packages/pyvisa_py/usb.py", line 207, in _get_attribute
    raise UnknownAttribute(attribute)
pyvisa_py.sessions.UnknownAttribute: Unknown attribute 1073676342 (0x3fff0036 - VI_ATTR_SUPPRESS_END_EN)
2025-07-08 12:54:00,717 - ERROR - Unknown attribute 1073676342 (0x3fff0036 - VI_ATTR_SUPPRESS_END_EN)
Traceback (most recent call last):
  File "/usr/lib/python3/dist-packages/pyvisa_py/sessions.py", line 669, in get_attribute
    return self._get_attribute(attribute)
           ^^^^^^^^^^^^^^^^^^^^^^^^^^^^^^
  File "/usr/lib/python3/dist-packages/pyvisa_py/usb.py", line 207, in _get_attribute
    raise UnknownAttribute(attribute)
pyvisa_py.sessions.UnknownAttribute: Unknown attribute 1073676342 (0x3fff0036 - VI_ATTR_SUPPRESS_END_EN)
2025-07-08 12:54:00,795 - ERROR - Unknown attribute 1073676342 (0x3fff0036 - VI_ATTR_SUPPRESS_END_EN)
Traceback (most recent call last):
  File "/usr/lib/python3/dist-packages/pyvisa_py/sessions.py", line 669, in get_attribute
    return self._get_attribute(attribute)
           ^^^^^^^^^^^^^^^^^^^^^^^^^^^^^^
  File "/usr/lib/python3/dist-packages/pyvisa_py/usb.py", line 207, in _get_attribute
    raise UnknownAttribute(attribute)
pyvisa_py.sessions.UnknownAttribute: Unknown attribute 1073676342 (0x3fff0036 - VI_ATTR_SUPPRESS_END_EN)
2025-07-08 12:54:01,716 - ERROR - Unknown attribute 1073676342 (0x3fff0036 - VI_ATTR_SUPPRESS_END_EN)
Traceback (most recent call last):
  File "/usr/lib/python3/dist-packages/pyvisa_py/sessions.py", line 669, in get_attribute
    return self._get_attribute(attribute)
           ^^^^^^^^^^^^^^^^^^^^^^^^^^^^^^
  File "/usr/lib/python3/dist-packages/pyvisa_py/usb.py", line 207, in _get_attribute
    raise UnknownAttribute(attribute)
pyvisa_py.sessions.UnknownAttribute: Unknown attribute 1073676342 (0x3fff0036 - VI_ATTR_SUPPRESS_END_EN)
2025-07-08 12:54:01,795 - ERROR - Unknown attribute 1073676342 (0x3fff0036 - VI_ATTR_SUPPRESS_END_EN)
Traceback (most recent call last):
  File "/usr/lib/python3/dist-packages/pyvisa_py/sessions.py", line 669, in get_attribute
    return self._get_attribute(attribute)
           ^^^^^^^^^^^^^^^^^^^^^^^^^^^^^^
  File "/usr/lib/python3/dist-packages/pyvisa_py/usb.py", line 207, in _get_attribute
    raise UnknownAttribute(attribute)
pyvisa_py.sessions.UnknownAttribute: Unknown attribute 1073676342 (0x3fff0036 - VI_ATTR_SUPPRESS_END_EN)
2025-07-08 12:54:02,716 - ERROR - Unknown attribute 1073676342 (0x3fff0036 - VI_ATTR_SUPPRESS_END_EN)
Traceback (most recent call last):
  File "/usr/lib/python3/dist-packages/pyvisa_py/sessions.py", line 669, in get_attribute
    return self._get_attribute(attribute)
           ^^^^^^^^^^^^^^^^^^^^^^^^^^^^^^
  File "/usr/lib/python3/dist-packages/pyvisa_py/usb.py", line 207, in _get_attribute
    raise UnknownAttribute(attribute)
pyvisa_py.sessions.UnknownAttribute: Unknown attribute 1073676342 (0x3fff0036 - VI_ATTR_SUPPRESS_END_EN)
2025-07-08 12:54:02,795 - ERROR - Unknown attribute 1073676342 (0x3fff0036 - VI_ATTR_SUPPRESS_END_EN)
Traceback (most recent call last):
  File "/usr/lib/python3/dist-packages/pyvisa_py/sessions.py", line 669, in get_attribute
    return self._get_attribute(attribute)
           ^^^^^^^^^^^^^^^^^^^^^^^^^^^^^^
  File "/usr/lib/python3/dist-packages/pyvisa_py/usb.py", line 207, in _get_attribute
    raise UnknownAttribute(attribute)
pyvisa_py.sessions.UnknownAttribute: Unknown attribute 1073676342 (0x3fff0036 - VI_ATTR_SUPPRESS_END_EN)
2025-07-08 12:54:04,716 - ERROR - Unknown attribute 1073676342 (0x3fff0036 - VI_ATTR_SUPPRESS_END_EN)
Traceback (most recent call last):
  File "/usr/lib/python3/dist-packages/pyvisa_py/sessions.py", line 669, in get_attribute
    return self._get_attribute(attribute)
           ^^^^^^^^^^^^^^^^^^^^^^^^^^^^^^
  File "/usr/lib/python3/dist-packages/pyvisa_py/usb.py", line 207, in _get_attribute
    raise UnknownAttribute(attribute)
pyvisa_py.sessions.UnknownAttribute: Unknown attribute 1073676342 (0x3fff0036 - VI_ATTR_SUPPRESS_END_EN)
2025-07-08 12:54:04,795 - ERROR - Unknown attribute 1073676342 (0x3fff0036 - VI_ATTR_SUPPRESS_END_EN)
Traceback (most recent call last):
  File "/usr/lib/python3/dist-packages/pyvisa_py/sessions.py", line 669, in get_attribute
    return self._get_attribute(attribute)
           ^^^^^^^^^^^^^^^^^^^^^^^^^^^^^^
  File "/usr/lib/python3/dist-packages/pyvisa_py/usb.py", line 207, in _get_attribute
    raise UnknownAttribute(attribute)
pyvisa_py.sessions.UnknownAttribute: Unknown attribute 1073676342 (0x3fff0036 - VI_ATTR_SUPPRESS_END_EN)
2025-07-08 12:54:04,905 - INFO - Progress: 98.5s | Set: 0.728A | Measured: V=3.700V, I=0.728A
2025-07-08 12:54:06,717 - ERROR - Unknown attribute 1073676342 (0x3fff0036 - VI_ATTR_SUPPRESS_END_EN)
Traceback (most recent call last):
  File "/usr/lib/python3/dist-packages/pyvisa_py/sessions.py", line 669, in get_attribute
    return self._get_attribute(attribute)
           ^^^^^^^^^^^^^^^^^^^^^^^^^^^^^^
  File "/usr/lib/python3/dist-packages/pyvisa_py/usb.py", line 207, in _get_attribute
    raise UnknownAttribute(attribute)
pyvisa_py.sessions.UnknownAttribute: Unknown attribute 1073676342 (0x3fff0036 - VI_ATTR_SUPPRESS_END_EN)
2025-07-08 12:54:06,795 - ERROR - Unknown attribute 1073676342 (0x3fff0036 - VI_ATTR_SUPPRESS_END_EN)
Traceback (most recent call last):
  File "/usr/lib/python3/dist-packages/pyvisa_py/sessions.py", line 669, in get_attribute
    return self._get_attribute(attribute)
           ^^^^^^^^^^^^^^^^^^^^^^^^^^^^^^
  File "/usr/lib/python3/dist-packages/pyvisa_py/usb.py", line 207, in _get_attribute
    raise UnknownAttribute(attribute)
pyvisa_py.sessions.UnknownAttribute: Unknown attribute 1073676342 (0x3fff0036 - VI_ATTR_SUPPRESS_END_EN)
2025-07-08 12:54:06,905 - INFO - Test completed - Output OFF
2025-07-08 12:54:06,906 - INFO - Data saved to: data/current_profile_test_20250708_125222.csv
2025-07-08 12:54:06,907 - INFO - Disconnected from instrument
