2025-07-08 12:31:52,705 - INFO - Available resources: ('ASRL/dev/ttyS0::INSTR', 'ASRL/dev/ttyS1::INSTR', 'ASRL/dev/ttyS2::INSTR', 'ASRL/dev/ttyS3::INSTR', 'ASRL/dev/ttyS4::INSTR', 'ASRL/dev/ttyS5::INSTR', 'ASRL/dev/ttyS6::INSTR', 'ASRL/dev/ttyS7::INSTR', 'ASRL/dev/ttyS8::INSTR', 'ASRL/dev/ttyS9::INSTR', 'ASRL/dev/ttyS10::INSTR', 'ASRL/dev/ttyS11::INSTR', 'ASRL/dev/ttyS12::INSTR', 'ASRL/dev/ttyS13::INSTR', 'ASRL/dev/ttyS14::INSTR', 'ASRL/dev/ttyS15::INSTR', 'ASRL/dev/ttyS16::INSTR', 'ASRL/dev/ttyS17::INSTR', 'ASRL/dev/ttyS18::INSTR', 'ASRL/dev/ttyS19::INSTR', 'ASRL/dev/ttyS20::INSTR', 'ASRL/dev/ttyS21::INSTR', 'ASRL/dev/ttyS22::INSTR', 'ASRL/dev/ttyS23::INSTR', 'ASRL/dev/ttyS24::INSTR', 'ASRL/dev/ttyS25::INSTR', 'ASRL/dev/ttyS26::INSTR', 'ASRL/dev/ttyS27::INSTR', 'ASRL/dev/ttyS28::INSTR', 'ASRL/dev/ttyS29::INSTR', 'ASRL/dev/ttyS30::INSTR', 'ASRL/dev/ttyS31::INSTR', 'USB0::1510::8833::4587429::0::INSTR')
2025-07-08 12:31:53,559 - ERROR - Unknown attribute 1073676342 (0x3fff0036 - VI_ATTR_SUPPRESS_END_EN)
Traceback (most recent call last):
  File "/usr/lib/python3/dist-packages/pyvisa_py/sessions.py", line 669, in get_attribute
    return self._get_attribute(attribute)
           ^^^^^^^^^^^^^^^^^^^^^^^^^^^^^^
  File "/usr/lib/python3/dist-packages/pyvisa_py/usb.py", line 207, in _get_attribute
    raise UnknownAttribute(attribute)
pyvisa_py.sessions.UnknownAttribute: Unknown attribute 1073676342 (0x3fff0036 - VI_ATTR_SUPPRESS_END_EN)
2025-07-08 12:31:53,560 - INFO - Connected to: KEITHLEY INSTRUMENTS,MODEL 2281S-20-6,4587429,01.08b
2025-07-08 12:31:54,089 - INFO - Instrument initialized
2025-07-08 12:31:54,090 - INFO - Loaded 101 data points from keithley_hücre_test2.csv
2025-07-08 12:32:44,210 - INFO - Aggregated 101 points to 42 segments
2025-07-08 12:32:44,217 - INFO - Output ON - Starting current profile
2025-07-08 12:32:44,419 - ERROR - Unknown attribute 1073676342 (0x3fff0036 - VI_ATTR_SUPPRESS_END_EN)
Traceback (most recent call last):
  File "/usr/lib/python3/dist-packages/pyvisa_py/sessions.py", line 669, in get_attribute
    return self._get_attribute(attribute)
           ^^^^^^^^^^^^^^^^^^^^^^^^^^^^^^
  File "/usr/lib/python3/dist-packages/pyvisa_py/usb.py", line 207, in _get_attribute
    raise UnknownAttribute(attribute)
pyvisa_py.sessions.UnknownAttribute: Unknown attribute 1073676342 (0x3fff0036 - VI_ATTR_SUPPRESS_END_EN)
2025-07-08 12:32:44,518 - ERROR - Unknown attribute 1073676342 (0x3fff0036 - VI_ATTR_SUPPRESS_END_EN)
Traceback (most recent call last):
  File "/usr/lib/python3/dist-packages/pyvisa_py/sessions.py", line 669, in get_attribute
    return self._get_attribute(attribute)
           ^^^^^^^^^^^^^^^^^^^^^^^^^^^^^^
  File "/usr/lib/python3/dist-packages/pyvisa_py/usb.py", line 207, in _get_attribute
    raise UnknownAttribute(attribute)
pyvisa_py.sessions.UnknownAttribute: Unknown attribute 1073676342 (0x3fff0036 - VI_ATTR_SUPPRESS_END_EN)
2025-07-08 12:32:44,628 - ERROR - Error at time 0s: '>' not supported between instances of 'list' and 'float'
2025-07-08 12:32:45,419 - ERROR - Unknown attribute 1073676342 (0x3fff0036 - VI_ATTR_SUPPRESS_END_EN)
Traceback (most recent call last):
  File "/usr/lib/python3/dist-packages/pyvisa_py/sessions.py", line 669, in get_attribute
    return self._get_attribute(attribute)
           ^^^^^^^^^^^^^^^^^^^^^^^^^^^^^^
  File "/usr/lib/python3/dist-packages/pyvisa_py/usb.py", line 207, in _get_attribute
    raise UnknownAttribute(attribute)
pyvisa_py.sessions.UnknownAttribute: Unknown attribute 1073676342 (0x3fff0036 - VI_ATTR_SUPPRESS_END_EN)
2025-07-08 12:32:45,498 - ERROR - Unknown attribute 1073676342 (0x3fff0036 - VI_ATTR_SUPPRESS_END_EN)
Traceback (most recent call last):
  File "/usr/lib/python3/dist-packages/pyvisa_py/sessions.py", line 669, in get_attribute
    return self._get_attribute(attribute)
           ^^^^^^^^^^^^^^^^^^^^^^^^^^^^^^
  File "/usr/lib/python3/dist-packages/pyvisa_py/usb.py", line 207, in _get_attribute
    raise UnknownAttribute(attribute)
pyvisa_py.sessions.UnknownAttribute: Unknown attribute 1073676342 (0x3fff0036 - VI_ATTR_SUPPRESS_END_EN)
2025-07-08 12:32:45,608 - ERROR - Error at time 1s: '>' not supported between instances of 'list' and 'float'
2025-07-08 12:32:47,419 - ERROR - Unknown attribute 1073676342 (0x3fff0036 - VI_ATTR_SUPPRESS_END_EN)
Traceback (most recent call last):
  File "/usr/lib/python3/dist-packages/pyvisa_py/sessions.py", line 669, in get_attribute
    return self._get_attribute(attribute)
           ^^^^^^^^^^^^^^^^^^^^^^^^^^^^^^
  File "/usr/lib/python3/dist-packages/pyvisa_py/usb.py", line 207, in _get_attribute
    raise UnknownAttribute(attribute)
pyvisa_py.sessions.UnknownAttribute: Unknown attribute 1073676342 (0x3fff0036 - VI_ATTR_SUPPRESS_END_EN)
2025-07-08 12:32:47,498 - ERROR - Unknown attribute 1073676342 (0x3fff0036 - VI_ATTR_SUPPRESS_END_EN)
Traceback (most recent call last):
  File "/usr/lib/python3/dist-packages/pyvisa_py/sessions.py", line 669, in get_attribute
    return self._get_attribute(attribute)
           ^^^^^^^^^^^^^^^^^^^^^^^^^^^^^^
  File "/usr/lib/python3/dist-packages/pyvisa_py/usb.py", line 207, in _get_attribute
    raise UnknownAttribute(attribute)
pyvisa_py.sessions.UnknownAttribute: Unknown attribute 1073676342 (0x3fff0036 - VI_ATTR_SUPPRESS_END_EN)
2025-07-08 12:32:47,608 - ERROR - Error at time 3s: '>' not supported between instances of 'list' and 'float'
2025-07-08 12:32:48,419 - ERROR - Unknown attribute 1073676342 (0x3fff0036 - VI_ATTR_SUPPRESS_END_EN)
Traceback (most recent call last):
  File "/usr/lib/python3/dist-packages/pyvisa_py/sessions.py", line 669, in get_attribute
    return self._get_attribute(attribute)
           ^^^^^^^^^^^^^^^^^^^^^^^^^^^^^^
  File "/usr/lib/python3/dist-packages/pyvisa_py/usb.py", line 207, in _get_attribute
    raise UnknownAttribute(attribute)
pyvisa_py.sessions.UnknownAttribute: Unknown attribute 1073676342 (0x3fff0036 - VI_ATTR_SUPPRESS_END_EN)
2025-07-08 12:32:48,498 - ERROR - Unknown attribute 1073676342 (0x3fff0036 - VI_ATTR_SUPPRESS_END_EN)
Traceback (most recent call last):
  File "/usr/lib/python3/dist-packages/pyvisa_py/sessions.py", line 669, in get_attribute
    return self._get_attribute(attribute)
           ^^^^^^^^^^^^^^^^^^^^^^^^^^^^^^
  File "/usr/lib/python3/dist-packages/pyvisa_py/usb.py", line 207, in _get_attribute
    raise UnknownAttribute(attribute)
pyvisa_py.sessions.UnknownAttribute: Unknown attribute 1073676342 (0x3fff0036 - VI_ATTR_SUPPRESS_END_EN)
2025-07-08 12:32:48,608 - ERROR - Error at time 4s: '>' not supported between instances of 'list' and 'float'
2025-07-08 12:32:50,419 - ERROR - Unknown attribute 1073676342 (0x3fff0036 - VI_ATTR_SUPPRESS_END_EN)
Traceback (most recent call last):
  File "/usr/lib/python3/dist-packages/pyvisa_py/sessions.py", line 669, in get_attribute
    return self._get_attribute(attribute)
           ^^^^^^^^^^^^^^^^^^^^^^^^^^^^^^
  File "/usr/lib/python3/dist-packages/pyvisa_py/usb.py", line 207, in _get_attribute
    raise UnknownAttribute(attribute)
pyvisa_py.sessions.UnknownAttribute: Unknown attribute 1073676342 (0x3fff0036 - VI_ATTR_SUPPRESS_END_EN)
2025-07-08 12:32:50,498 - ERROR - Unknown attribute 1073676342 (0x3fff0036 - VI_ATTR_SUPPRESS_END_EN)
Traceback (most recent call last):
  File "/usr/lib/python3/dist-packages/pyvisa_py/sessions.py", line 669, in get_attribute
    return self._get_attribute(attribute)
           ^^^^^^^^^^^^^^^^^^^^^^^^^^^^^^
  File "/usr/lib/python3/dist-packages/pyvisa_py/usb.py", line 207, in _get_attribute
    raise UnknownAttribute(attribute)
pyvisa_py.sessions.UnknownAttribute: Unknown attribute 1073676342 (0x3fff0036 - VI_ATTR_SUPPRESS_END_EN)
2025-07-08 12:32:50,608 - ERROR - Error at time 6s: '>' not supported between instances of 'list' and 'float'
2025-07-08 12:32:53,419 - ERROR - Unknown attribute 1073676342 (0x3fff0036 - VI_ATTR_SUPPRESS_END_EN)
Traceback (most recent call last):
  File "/usr/lib/python3/dist-packages/pyvisa_py/sessions.py", line 669, in get_attribute
    return self._get_attribute(attribute)
           ^^^^^^^^^^^^^^^^^^^^^^^^^^^^^^
  File "/usr/lib/python3/dist-packages/pyvisa_py/usb.py", line 207, in _get_attribute
    raise UnknownAttribute(attribute)
pyvisa_py.sessions.UnknownAttribute: Unknown attribute 1073676342 (0x3fff0036 - VI_ATTR_SUPPRESS_END_EN)
2025-07-08 12:32:53,498 - ERROR - Unknown attribute 1073676342 (0x3fff0036 - VI_ATTR_SUPPRESS_END_EN)
Traceback (most recent call last):
  File "/usr/lib/python3/dist-packages/pyvisa_py/sessions.py", line 669, in get_attribute
    return self._get_attribute(attribute)
           ^^^^^^^^^^^^^^^^^^^^^^^^^^^^^^
  File "/usr/lib/python3/dist-packages/pyvisa_py/usb.py", line 207, in _get_attribute
    raise UnknownAttribute(attribute)
pyvisa_py.sessions.UnknownAttribute: Unknown attribute 1073676342 (0x3fff0036 - VI_ATTR_SUPPRESS_END_EN)
2025-07-08 12:32:53,608 - ERROR - Error at time 9s: '>' not supported between instances of 'list' and 'float'
2025-07-08 12:32:54,419 - ERROR - Unknown attribute 1073676342 (0x3fff0036 - VI_ATTR_SUPPRESS_END_EN)
Traceback (most recent call last):
  File "/usr/lib/python3/dist-packages/pyvisa_py/sessions.py", line 669, in get_attribute
    return self._get_attribute(attribute)
           ^^^^^^^^^^^^^^^^^^^^^^^^^^^^^^
  File "/usr/lib/python3/dist-packages/pyvisa_py/usb.py", line 207, in _get_attribute
    raise UnknownAttribute(attribute)
pyvisa_py.sessions.UnknownAttribute: Unknown attribute 1073676342 (0x3fff0036 - VI_ATTR_SUPPRESS_END_EN)
2025-07-08 12:32:54,498 - ERROR - Unknown attribute 1073676342 (0x3fff0036 - VI_ATTR_SUPPRESS_END_EN)
Traceback (most recent call last):
  File "/usr/lib/python3/dist-packages/pyvisa_py/sessions.py", line 669, in get_attribute
    return self._get_attribute(attribute)
           ^^^^^^^^^^^^^^^^^^^^^^^^^^^^^^
  File "/usr/lib/python3/dist-packages/pyvisa_py/usb.py", line 207, in _get_attribute
    raise UnknownAttribute(attribute)
pyvisa_py.sessions.UnknownAttribute: Unknown attribute 1073676342 (0x3fff0036 - VI_ATTR_SUPPRESS_END_EN)
2025-07-08 12:32:54,608 - ERROR - Error at time 10s: '>' not supported between instances of 'list' and 'float'
2025-07-08 12:32:56,419 - ERROR - Unknown attribute 1073676342 (0x3fff0036 - VI_ATTR_SUPPRESS_END_EN)
Traceback (most recent call last):
  File "/usr/lib/python3/dist-packages/pyvisa_py/sessions.py", line 669, in get_attribute
    return self._get_attribute(attribute)
           ^^^^^^^^^^^^^^^^^^^^^^^^^^^^^^
  File "/usr/lib/python3/dist-packages/pyvisa_py/usb.py", line 207, in _get_attribute
    raise UnknownAttribute(attribute)
pyvisa_py.sessions.UnknownAttribute: Unknown attribute 1073676342 (0x3fff0036 - VI_ATTR_SUPPRESS_END_EN)
2025-07-08 12:32:56,498 - ERROR - Unknown attribute 1073676342 (0x3fff0036 - VI_ATTR_SUPPRESS_END_EN)
Traceback (most recent call last):
  File "/usr/lib/python3/dist-packages/pyvisa_py/sessions.py", line 669, in get_attribute
    return self._get_attribute(attribute)
           ^^^^^^^^^^^^^^^^^^^^^^^^^^^^^^
  File "/usr/lib/python3/dist-packages/pyvisa_py/usb.py", line 207, in _get_attribute
    raise UnknownAttribute(attribute)
pyvisa_py.sessions.UnknownAttribute: Unknown attribute 1073676342 (0x3fff0036 - VI_ATTR_SUPPRESS_END_EN)
2025-07-08 12:32:56,607 - ERROR - Error at time 12s: '>' not supported between instances of 'list' and 'float'
2025-07-08 12:32:57,419 - ERROR - Unknown attribute 1073676342 (0x3fff0036 - VI_ATTR_SUPPRESS_END_EN)
Traceback (most recent call last):
  File "/usr/lib/python3/dist-packages/pyvisa_py/sessions.py", line 669, in get_attribute
    return self._get_attribute(attribute)
           ^^^^^^^^^^^^^^^^^^^^^^^^^^^^^^
  File "/usr/lib/python3/dist-packages/pyvisa_py/usb.py", line 207, in _get_attribute
    raise UnknownAttribute(attribute)
pyvisa_py.sessions.UnknownAttribute: Unknown attribute 1073676342 (0x3fff0036 - VI_ATTR_SUPPRESS_END_EN)
2025-07-08 12:32:57,498 - ERROR - Unknown attribute 1073676342 (0x3fff0036 - VI_ATTR_SUPPRESS_END_EN)
Traceback (most recent call last):
  File "/usr/lib/python3/dist-packages/pyvisa_py/sessions.py", line 669, in get_attribute
    return self._get_attribute(attribute)
           ^^^^^^^^^^^^^^^^^^^^^^^^^^^^^^
  File "/usr/lib/python3/dist-packages/pyvisa_py/usb.py", line 207, in _get_attribute
    raise UnknownAttribute(attribute)
pyvisa_py.sessions.UnknownAttribute: Unknown attribute 1073676342 (0x3fff0036 - VI_ATTR_SUPPRESS_END_EN)
2025-07-08 12:32:57,627 - ERROR - Error at time 13s: '>' not supported between instances of 'list' and 'float'
2025-07-08 12:32:58,419 - ERROR - Unknown attribute 1073676342 (0x3fff0036 - VI_ATTR_SUPPRESS_END_EN)
Traceback (most recent call last):
  File "/usr/lib/python3/dist-packages/pyvisa_py/sessions.py", line 669, in get_attribute
    return self._get_attribute(attribute)
           ^^^^^^^^^^^^^^^^^^^^^^^^^^^^^^
  File "/usr/lib/python3/dist-packages/pyvisa_py/usb.py", line 207, in _get_attribute
    raise UnknownAttribute(attribute)
pyvisa_py.sessions.UnknownAttribute: Unknown attribute 1073676342 (0x3fff0036 - VI_ATTR_SUPPRESS_END_EN)
2025-07-08 12:32:58,498 - ERROR - Unknown attribute 1073676342 (0x3fff0036 - VI_ATTR_SUPPRESS_END_EN)
Traceback (most recent call last):
  File "/usr/lib/python3/dist-packages/pyvisa_py/sessions.py", line 669, in get_attribute
    return self._get_attribute(attribute)
           ^^^^^^^^^^^^^^^^^^^^^^^^^^^^^^
  File "/usr/lib/python3/dist-packages/pyvisa_py/usb.py", line 207, in _get_attribute
    raise UnknownAttribute(attribute)
pyvisa_py.sessions.UnknownAttribute: Unknown attribute 1073676342 (0x3fff0036 - VI_ATTR_SUPPRESS_END_EN)
2025-07-08 12:32:58,608 - ERROR - Error at time 14s: '>' not supported between instances of 'list' and 'float'
2025-07-08 12:32:59,419 - ERROR - Unknown attribute 1073676342 (0x3fff0036 - VI_ATTR_SUPPRESS_END_EN)
Traceback (most recent call last):
  File "/usr/lib/python3/dist-packages/pyvisa_py/sessions.py", line 669, in get_attribute
    return self._get_attribute(attribute)
           ^^^^^^^^^^^^^^^^^^^^^^^^^^^^^^
  File "/usr/lib/python3/dist-packages/pyvisa_py/usb.py", line 207, in _get_attribute
    raise UnknownAttribute(attribute)
pyvisa_py.sessions.UnknownAttribute: Unknown attribute 1073676342 (0x3fff0036 - VI_ATTR_SUPPRESS_END_EN)
2025-07-08 12:32:59,498 - ERROR - Unknown attribute 1073676342 (0x3fff0036 - VI_ATTR_SUPPRESS_END_EN)
Traceback (most recent call last):
  File "/usr/lib/python3/dist-packages/pyvisa_py/sessions.py", line 669, in get_attribute
    return self._get_attribute(attribute)
           ^^^^^^^^^^^^^^^^^^^^^^^^^^^^^^
  File "/usr/lib/python3/dist-packages/pyvisa_py/usb.py", line 207, in _get_attribute
    raise UnknownAttribute(attribute)
pyvisa_py.sessions.UnknownAttribute: Unknown attribute 1073676342 (0x3fff0036 - VI_ATTR_SUPPRESS_END_EN)
2025-07-08 12:32:59,608 - ERROR - Error at time 15s: '>' not supported between instances of 'list' and 'float'
2025-07-08 12:33:00,419 - ERROR - Unknown attribute 1073676342 (0x3fff0036 - VI_ATTR_SUPPRESS_END_EN)
Traceback (most recent call last):
  File "/usr/lib/python3/dist-packages/pyvisa_py/sessions.py", line 669, in get_attribute
    return self._get_attribute(attribute)
           ^^^^^^^^^^^^^^^^^^^^^^^^^^^^^^
  File "/usr/lib/python3/dist-packages/pyvisa_py/usb.py", line 207, in _get_attribute
    raise UnknownAttribute(attribute)
pyvisa_py.sessions.UnknownAttribute: Unknown attribute 1073676342 (0x3fff0036 - VI_ATTR_SUPPRESS_END_EN)
2025-07-08 12:33:00,498 - ERROR - Unknown attribute 1073676342 (0x3fff0036 - VI_ATTR_SUPPRESS_END_EN)
Traceback (most recent call last):
  File "/usr/lib/python3/dist-packages/pyvisa_py/sessions.py", line 669, in get_attribute
    return self._get_attribute(attribute)
           ^^^^^^^^^^^^^^^^^^^^^^^^^^^^^^
  File "/usr/lib/python3/dist-packages/pyvisa_py/usb.py", line 207, in _get_attribute
    raise UnknownAttribute(attribute)
pyvisa_py.sessions.UnknownAttribute: Unknown attribute 1073676342 (0x3fff0036 - VI_ATTR_SUPPRESS_END_EN)
2025-07-08 12:33:00,608 - ERROR - Error at time 16s: '>' not supported between instances of 'list' and 'float'
2025-07-08 12:33:01,419 - ERROR - Unknown attribute 1073676342 (0x3fff0036 - VI_ATTR_SUPPRESS_END_EN)
Traceback (most recent call last):
  File "/usr/lib/python3/dist-packages/pyvisa_py/sessions.py", line 669, in get_attribute
    return self._get_attribute(attribute)
           ^^^^^^^^^^^^^^^^^^^^^^^^^^^^^^
  File "/usr/lib/python3/dist-packages/pyvisa_py/usb.py", line 207, in _get_attribute
    raise UnknownAttribute(attribute)
pyvisa_py.sessions.UnknownAttribute: Unknown attribute 1073676342 (0x3fff0036 - VI_ATTR_SUPPRESS_END_EN)
2025-07-08 12:33:01,498 - ERROR - Unknown attribute 1073676342 (0x3fff0036 - VI_ATTR_SUPPRESS_END_EN)
Traceback (most recent call last):
  File "/usr/lib/python3/dist-packages/pyvisa_py/sessions.py", line 669, in get_attribute
    return self._get_attribute(attribute)
           ^^^^^^^^^^^^^^^^^^^^^^^^^^^^^^
  File "/usr/lib/python3/dist-packages/pyvisa_py/usb.py", line 207, in _get_attribute
    raise UnknownAttribute(attribute)
pyvisa_py.sessions.UnknownAttribute: Unknown attribute 1073676342 (0x3fff0036 - VI_ATTR_SUPPRESS_END_EN)
2025-07-08 12:33:01,627 - ERROR - Error at time 17s: '>' not supported between instances of 'list' and 'float'
2025-07-08 12:33:02,419 - ERROR - Unknown attribute 1073676342 (0x3fff0036 - VI_ATTR_SUPPRESS_END_EN)
Traceback (most recent call last):
  File "/usr/lib/python3/dist-packages/pyvisa_py/sessions.py", line 669, in get_attribute
    return self._get_attribute(attribute)
           ^^^^^^^^^^^^^^^^^^^^^^^^^^^^^^
  File "/usr/lib/python3/dist-packages/pyvisa_py/usb.py", line 207, in _get_attribute
    raise UnknownAttribute(attribute)
pyvisa_py.sessions.UnknownAttribute: Unknown attribute 1073676342 (0x3fff0036 - VI_ATTR_SUPPRESS_END_EN)
2025-07-08 12:33:02,498 - ERROR - Unknown attribute 1073676342 (0x3fff0036 - VI_ATTR_SUPPRESS_END_EN)
Traceback (most recent call last):
  File "/usr/lib/python3/dist-packages/pyvisa_py/sessions.py", line 669, in get_attribute
    return self._get_attribute(attribute)
           ^^^^^^^^^^^^^^^^^^^^^^^^^^^^^^
  File "/usr/lib/python3/dist-packages/pyvisa_py/usb.py", line 207, in _get_attribute
    raise UnknownAttribute(attribute)
pyvisa_py.sessions.UnknownAttribute: Unknown attribute 1073676342 (0x3fff0036 - VI_ATTR_SUPPRESS_END_EN)
2025-07-08 12:33:02,628 - ERROR - Error at time 18s: '>' not supported between instances of 'list' and 'float'
2025-07-08 12:33:02,872 - INFO - Disconnected from instrument
