2025-07-08 13:32:24,129 - INFO - Connected to: KEITHLEY INSTRUMENTS,MODEL 2281S-20-6,4587429,01.08b
2025-07-08 13:32:33,116 - INFO - 
============================================================
2025-07-08 13:32:33,116 - INFO - BATARYA SAĞLIK ÖLÇÜMLERİ BAŞLIYOR
2025-07-08 13:32:33,116 - INFO - ============================================================
2025-07-08 13:32:33,116 - INFO - Cihaz hazırlanıyor...
2025-07-08 13:32:36,121 - INFO - 
1. ESR ve Voc ölçümü yapılıyor...
2025-07-08 13:32:38,126 - INFO - ✓ Voc (Açık Devre Voltajı): 0.0000 V
2025-07-08 13:32:38,127 - INFO - ✓ ESR (İç Direnç): 0.0000 Ω
2025-07-08 13:32:38,127 - INFO - 
2. Pulse test yapılıyor...
2025-07-08 13:32:52,136 - ERROR - Ölçüm hatası: VI_ERROR_TMO (-1073807339): Timeout expired before operation completed.
2025-07-08 13:32:52,138 - INFO - 
============================================================
2025-07-08 13:32:52,138 - INFO - SAĞLIK ÖLÇÜMLERİ TAMAMLANDI
2025-07-08 13:32:52,139 - INFO - ============================================================
2025-07-08 13:32:52,139 - INFO - Sonuçlar kaydedildi:
2025-07-08 13:32:52,139 - INFO -   JSON: aging_results/battery_health_20250708_133223_baseline.json
2025-07-08 13:32:52,139 - INFO -   CSV: aging_results/battery_health_20250708_133223_baseline.csv
2025-07-08 13:32:52,142 - INFO - Disconnected from instrument
