2025-07-08 13:35:24,462 - INFO - Connected to: KEITHLEY INSTRUMENTS,MODEL 2281S-20-6,4587429,01.08b
2025-07-08 13:35:28,439 - INFO - 
============================================================
2025-07-08 13:35:28,439 - INFO - BATARYA SAĞLIK ÖLÇÜMLERİ BAŞLIYOR
2025-07-08 13:35:28,439 - INFO - ============================================================
2025-07-08 13:35:28,439 - INFO - Cihaz hazırlanıyor...
2025-07-08 13:35:31,442 - INFO - 
1. ESR ve Voc ölçümü yapılıyor...
2025-07-08 13:35:34,553 - INFO - ✓ Voc (Açık Devre Voltajı): 0.1645 V
2025-07-08 13:35:34,553 - INFO - ✓ ESR (İç Direnç): 3.5615 Ω
2025-07-08 13:35:34,553 - INFO - 
2. Pulse test yapılıyor...
2025-07-08 13:35:48,562 - ERROR - Ölçüm hatası: VI_ERROR_TMO (-1073807339): Timeout expired before operation completed.
2025-07-08 13:35:48,564 - INFO - 
============================================================
2025-07-08 13:35:48,565 - INFO - SAĞLIK ÖLÇÜMLERİ TAMAMLANDI
2025-07-08 13:35:48,565 - INFO - ============================================================
2025-07-08 13:35:48,565 - INFO - Sonuçlar kaydedildi:
2025-07-08 13:35:48,565 - INFO -   JSON: aging_results/battery_health_20250708_133523_baseline.json
2025-07-08 13:35:48,565 - INFO -   CSV: aging_results/battery_health_20250708_133523_baseline.csv
2025-07-08 13:35:48,595 - INFO - Disconnected from instrument
