2025-07-08 13:43:41,213 - INFO - Connected to: KEITHLEY INSTRUMENTS,MODEL 2281S-20-6,4587429,01.08b
2025-07-08 13:43:51,124 - INFO - 
============================================================
2025-07-08 13:43:51,124 - INFO - BATARYA SAĞLIK ÖLÇÜMLERİ BAŞLIYOR
2025-07-08 13:43:51,124 - INFO - ============================================================
2025-07-08 13:43:51,125 - INFO - Cihaz hazırlanıyor...
2025-07-08 13:43:54,128 - INFO - 
1. ESR ve Voc ölçümü yapılıyor...
2025-07-08 13:43:57,238 - INFO - ✓ Voc (Açık Devre Voltajı): 0.1640 V
2025-07-08 13:43:57,238 - INFO - ✓ ESR (İç Direnç): 3.5565 Ω
2025-07-08 13:43:57,238 - INFO - 
2. Pulse test yapılıyor...
2025-07-08 13:44:11,247 - ERROR - Ölçüm hatası: VI_ERROR_TMO (-1073807339): Timeout expired before operation completed.
2025-07-08 13:44:11,250 - INFO - 
============================================================
2025-07-08 13:44:11,250 - INFO - SAĞLIK ÖLÇÜMLERİ TAMAMLANDI
2025-07-08 13:44:11,250 - INFO - ============================================================
2025-07-08 13:44:11,258 - INFO - Sonuçlar kaydedildi:
2025-07-08 13:44:11,258 - INFO -   JSON: aging_results/battery_health_20250708_134340_current.json
2025-07-08 13:44:11,258 - INFO -   CSV: aging_results/battery_health_20250708_134340_current.csv
2025-07-08 13:44:11,258 - INFO - Sonuçlar kaydedildi:
2025-07-08 13:44:11,259 - INFO -   JSON: aging_results/battery_health_20250708_134340_aging_analysis.json
2025-07-08 13:44:11,259 - INFO -   CSV: aging_results/battery_health_20250708_134340_aging_analysis.csv
2025-07-08 13:44:11,280 - INFO - Disconnected from instrument
